Process rank: -1, device: cuda, n_gpu: 1, distributed training: False, 16-bits training: False
Training/evaluation parameters Namespace(adam_epsilon=1e-08, adv_epsilon=1.0, adv_name='word_embeddings', backbone='bert_estor-selfatt-add_crf', cache_dir='', config_name='', crf_learning_rate=0.001, data_dir='/mnt/storage/wubinghong.wbh/deepl/torch_ner_new/datasets/ecommerce/', device=device(type='cuda'), do_adv=False, do_eval=False, do_lower_case=True, do_predict=False, do_train=True, enumerate_mode='attention', eval_all_checkpoints=False, eval_max_seq_length=512, evaluate_during_training=False, fp16=False, fp16_opt_level='O1', freeze_backbone_epoch=25, gradient_accumulation_steps=1, id2label={0: 'X', 1: 'B-HC', 2: 'B-HP', 3: 'I-HC', 4: 'I-HP', 5: 'O', 6: 'L-HC', 7: 'L-HP', 8: 'U-HC', 9: 'U-HP', 10: '[START]', 11: '[END]'}, id2tag={0: 'product', 1: 'brand'}, if_add_a_self_attention=True, if_merge_by_add=True, label2id={'X': 0, 'B-HC': 1, 'B-HP': 2, 'I-HC': 3, 'I-HP': 4, 'O': 5, 'L-HC': 6, 'L-HP': 7, 'U-HC': 8, 'U-HP': 9, '[START]': 10, '[END]': 11}, learning_rate=3e-05, local_rank=-1, logging_steps=-1, loss_type='ce', markup='bios', max_grad_norm=1.0, max_steps=-1, model_name_or_path='/mnt/storage/wubinghong.wbh/deepl/torch_ner_new/prev_trained_model/bert-base-chinese', n_gpu=1, no_cuda=False, num_train_epochs=50.0, output_dir='/mnt/storage/wubinghong.wbh/deepl/torch_ner_new/outputs/ecommerce_output/bert_estor-selfatt-add_crf', overwrite_cache=False, overwrite_output_dir=True, per_gpu_eval_batch_size=24, per_gpu_train_batch_size=24, pos_learning_rate=5e-05, predict_checkpoints=0, save_steps=-1, seed=42, tag2id={'product': 0, 'brand': 1}, tagging_rate=1.0, task_name='ecommerce', tokenizer_name='', train_max_seq_length=128, warmup_proportion=0.1, weight_decay=0.01)
Loading features from cached file /mnt/storage/wubinghong.wbh/deepl/torch_ner_new/datasets/ecommerce/cached_crf-train_bert-base-chinese_128_ecommerce
***** Running training *****
  Num examples = 3988
  Num Epochs = 50
  Instantaneous batch size per GPU = 24
  Total train batch size (w. parallel, distributed & accumulation) = 24
  Gradient Accumulation steps = 1
  Total optimization steps = 8350
Backbone bert_estor-selfatt-add_crf param is freeze
Loading features from cached file /mnt/storage/wubinghong.wbh/deepl/torch_ner_new/datasets/ecommerce/cached_crf-dev_bert-base-chinese_512_ecommerce
***** Running evaluation on dev dataset  *****
  Num examples = 499
  Batch size = 24


***** Eval results  *****
 acc: 0.6585 - recall: 0.6008 - f1: 0.6284 - loss: 11.2254 
***** Entity results  *****
******* HC results ********
 acc: 0.6672 - recall: 0.6837 - f1: 0.6753 
******* HP results ********
 acc: 0.5000 - recall: 0.1518 - f1: 0.2329 
Loading features from cached file /mnt/storage/wubinghong.wbh/deepl/torch_ner_new/datasets/ecommerce/cached_crf-test_bert-base-chinese_512_ecommerce
***** Running evaluation on test dataset  *****
  Num examples = 497
  Batch size = 24


***** Eval results  *****
 acc: 0.7093 - recall: 0.6099 - f1: 0.6559 - loss: 11.1128 
***** Entity results  *****
******* HC results ********
 acc: 0.7182 - recall: 0.6992 - f1: 0.7086 
******* HP results ********
 acc: 0.5172 - recall: 0.1261 - f1: 0.2027 
Saving model checkpoint to /mnt/storage/wubinghong.wbh/deepl/torch_ner_new/outputs/ecommerce_output/bert_estor-selfatt-add_crf/checkpoint-167
Saving optimizer and scheduler states to /mnt/storage/wubinghong.wbh/deepl/torch_ner_new/outputs/ecommerce_output/bert_estor-selfatt-add_crf/checkpoint-167


Backbone bert_estor-selfatt-add_crf param is freeze
Loading features from cached file /mnt/storage/wubinghong.wbh/deepl/torch_ner_new/datasets/ecommerce/cached_crf-dev_bert-base-chinese_512_ecommerce
***** Running evaluation on dev dataset  *****
  Num examples = 499
  Batch size = 24


***** Eval results  *****
 acc: 0.6749 - recall: 0.7218 - f1: 0.6976 - loss: 9.0850 
***** Entity results  *****
******* HC results ********
 acc: 0.6987 - recall: 0.7677 - f1: 0.7316 
******* HP results ********
 acc: 0.5196 - recall: 0.4732 - f1: 0.4953 
Loading features from cached file /mnt/storage/wubinghong.wbh/deepl/torch_ner_new/datasets/ecommerce/cached_crf-test_bert-base-chinese_512_ecommerce
***** Running evaluation on test dataset  *****
  Num examples = 497
  Batch size = 24


***** Eval results  *****
 acc: 0.7349 - recall: 0.7474 - f1: 0.7411 - loss: 8.8174 
***** Entity results  *****
******* HC results ********
 acc: 0.7605 - recall: 0.7876 - f1: 0.7738 
******* HP results ********
 acc: 0.5780 - recall: 0.5294 - f1: 0.5526 
Saving model checkpoint to /mnt/storage/wubinghong.wbh/deepl/torch_ner_new/outputs/ecommerce_output/bert_estor-selfatt-add_crf/checkpoint-334
Saving optimizer and scheduler states to /mnt/storage/wubinghong.wbh/deepl/torch_ner_new/outputs/ecommerce_output/bert_estor-selfatt-add_crf/checkpoint-334


Backbone bert_estor-selfatt-add_crf param is freeze
Loading features from cached file /mnt/storage/wubinghong.wbh/deepl/torch_ner_new/datasets/ecommerce/cached_crf-dev_bert-base-chinese_512_ecommerce
***** Running evaluation on dev dataset  *****
  Num examples = 499
  Batch size = 24


***** Eval results  *****
 acc: 0.6503 - recall: 0.7733 - f1: 0.7065 - loss: 8.8830 
***** Entity results  *****
******* HC results ********
 acc: 0.6716 - recall: 0.8188 - f1: 0.7379 
******* HP results ********
 acc: 0.5130 - recall: 0.5268 - f1: 0.5198 
Loading features from cached file /mnt/storage/wubinghong.wbh/deepl/torch_ner_new/datasets/ecommerce/cached_crf-test_bert-base-chinese_512_ecommerce
***** Running evaluation on test dataset  *****
  Num examples = 497
  Batch size = 24


***** Eval results  *****
 acc: 0.7101 - recall: 0.7919 - f1: 0.7488 - loss: 8.4909 
***** Entity results  *****
******* HC results ********
 acc: 0.7359 - recall: 0.8295 - f1: 0.7799 
******* HP results ********
 acc: 0.5600 - recall: 0.5882 - f1: 0.5738 
Saving model checkpoint to /mnt/storage/wubinghong.wbh/deepl/torch_ner_new/outputs/ecommerce_output/bert_estor-selfatt-add_crf/checkpoint-501
Saving optimizer and scheduler states to /mnt/storage/wubinghong.wbh/deepl/torch_ner_new/outputs/ecommerce_output/bert_estor-selfatt-add_crf/checkpoint-501


Backbone bert_estor-selfatt-add_crf param is freeze
Loading features from cached file /mnt/storage/wubinghong.wbh/deepl/torch_ner_new/datasets/ecommerce/cached_crf-dev_bert-base-chinese_512_ecommerce
***** Running evaluation on dev dataset  *****
  Num examples = 499
  Batch size = 24


***** Eval results  *****
 acc: 0.6702 - recall: 0.7830 - f1: 0.7223 - loss: 7.7153 
***** Entity results  *****
******* HC results ********
 acc: 0.6937 - recall: 0.8171 - f1: 0.7504 
******* HP results ********
 acc: 0.5360 - recall: 0.5982 - f1: 0.5654 
Loading features from cached file /mnt/storage/wubinghong.wbh/deepl/torch_ner_new/datasets/ecommerce/cached_crf-test_bert-base-chinese_512_ecommerce
***** Running evaluation on test dataset  *****
  Num examples = 497
  Batch size = 24


***** Eval results  *****
 acc: 0.7344 - recall: 0.8037 - f1: 0.7675 - loss: 7.3778 
***** Entity results  *****
******* HC results ********
 acc: 0.7616 - recall: 0.8372 - f1: 0.7976 
******* HP results ********
 acc: 0.5827 - recall: 0.6218 - f1: 0.6016 
Saving model checkpoint to /mnt/storage/wubinghong.wbh/deepl/torch_ner_new/outputs/ecommerce_output/bert_estor-selfatt-add_crf/checkpoint-668
Saving optimizer and scheduler states to /mnt/storage/wubinghong.wbh/deepl/torch_ner_new/outputs/ecommerce_output/bert_estor-selfatt-add_crf/checkpoint-668


Backbone bert_estor-selfatt-add_crf param is freeze
Loading features from cached file /mnt/storage/wubinghong.wbh/deepl/torch_ner_new/datasets/ecommerce/cached_crf-dev_bert-base-chinese_512_ecommerce
***** Running evaluation on dev dataset  *****
  Num examples = 499
  Batch size = 24


***** Eval results  *****
 acc: 0.6640 - recall: 0.8108 - f1: 0.7301 - loss: 7.1196 
***** Entity results  *****
******* HC results ********
 acc: 0.6805 - recall: 0.8386 - f1: 0.7513 
******* HP results ********
 acc: 0.5692 - recall: 0.6607 - f1: 0.6116 
Loading features from cached file /mnt/storage/wubinghong.wbh/deepl/torch_ner_new/datasets/ecommerce/cached_crf-test_bert-base-chinese_512_ecommerce
***** Running evaluation on test dataset  *****
  Num examples = 497
  Batch size = 24


***** Eval results  *****
 acc: 0.7189 - recall: 0.8168 - f1: 0.7647 - loss: 6.7638 
***** Entity results  *****
******* HC results ********
 acc: 0.7483 - recall: 0.8527 - f1: 0.7971 
******* HP results ********
 acc: 0.5564 - recall: 0.6218 - f1: 0.5873 
Saving model checkpoint to /mnt/storage/wubinghong.wbh/deepl/torch_ner_new/outputs/ecommerce_output/bert_estor-selfatt-add_crf/checkpoint-835
Saving optimizer and scheduler states to /mnt/storage/wubinghong.wbh/deepl/torch_ner_new/outputs/ecommerce_output/bert_estor-selfatt-add_crf/checkpoint-835


Backbone bert_estor-selfatt-add_crf param is freeze
Loading features from cached file /mnt/storage/wubinghong.wbh/deepl/torch_ner_new/datasets/ecommerce/cached_crf-dev_bert-base-chinese_512_ecommerce
***** Running evaluation on dev dataset  *****
  Num examples = 499
  Batch size = 24


***** Eval results  *****
 acc: 0.6785 - recall: 0.8220 - f1: 0.7434 - loss: 6.7864 
***** Entity results  *****
******* HC results ********
 acc: 0.7086 - recall: 0.8451 - f1: 0.7708 
******* HP results ********
 acc: 0.5306 - recall: 0.6964 - f1: 0.6023 
Loading features from cached file /mnt/storage/wubinghong.wbh/deepl/torch_ner_new/datasets/ecommerce/cached_crf-test_bert-base-chinese_512_ecommerce
***** Running evaluation on test dataset  *****
  Num examples = 497
  Batch size = 24


***** Eval results  *****
 acc: 0.7249 - recall: 0.8416 - f1: 0.7789 - loss: 6.4170 
***** Entity results  *****
******* HC results ********
 acc: 0.7537 - recall: 0.8636 - f1: 0.8049 
******* HP results ********
 acc: 0.5811 - recall: 0.7227 - f1: 0.6442 
Saving model checkpoint to /mnt/storage/wubinghong.wbh/deepl/torch_ner_new/outputs/ecommerce_output/bert_estor-selfatt-add_crf/checkpoint-1002
Saving optimizer and scheduler states to /mnt/storage/wubinghong.wbh/deepl/torch_ner_new/outputs/ecommerce_output/bert_estor-selfatt-add_crf/checkpoint-1002


Backbone bert_estor-selfatt-add_crf param is freeze
Loading features from cached file /mnt/storage/wubinghong.wbh/deepl/torch_ner_new/datasets/ecommerce/cached_crf-dev_bert-base-chinese_512_ecommerce
***** Running evaluation on dev dataset  *****
  Num examples = 499
  Batch size = 24


***** Eval results  *****
 acc: 0.7662 - recall: 0.7747 - f1: 0.7704 - loss: 5.5386 
***** Entity results  *****
******* HC results ********
 acc: 0.7957 - recall: 0.7957 - f1: 0.7957 
******* HP results ********
 acc: 0.6167 - recall: 0.6607 - f1: 0.6379 
Loading features from cached file /mnt/storage/wubinghong.wbh/deepl/torch_ner_new/datasets/ecommerce/cached_crf-test_bert-base-chinese_512_ecommerce
***** Running evaluation on test dataset  *****
  Num examples = 497
  Batch size = 24


***** Eval results  *****
 acc: 0.8123 - recall: 0.7984 - f1: 0.8053 - loss: 5.3537 
***** Entity results  *****
******* HC results ********
 acc: 0.8408 - recall: 0.8186 - f1: 0.8295 
******* HP results ********
 acc: 0.6667 - recall: 0.6891 - f1: 0.6777 
Saving model checkpoint to /mnt/storage/wubinghong.wbh/deepl/torch_ner_new/outputs/ecommerce_output/bert_estor-selfatt-add_crf/checkpoint-1169
Saving optimizer and scheduler states to /mnt/storage/wubinghong.wbh/deepl/torch_ner_new/outputs/ecommerce_output/bert_estor-selfatt-add_crf/checkpoint-1169


Backbone bert_estor-selfatt-add_crf param is freeze
Loading features from cached file /mnt/storage/wubinghong.wbh/deepl/torch_ner_new/datasets/ecommerce/cached_crf-dev_bert-base-chinese_512_ecommerce
***** Running evaluation on dev dataset  *****
  Num examples = 499
  Batch size = 24


***** Eval results  *****
 acc: 0.7073 - recall: 0.8234 - f1: 0.7609 - loss: 5.5316 
***** Entity results  *****
******* HC results ********
 acc: 0.7305 - recall: 0.8484 - f1: 0.7851 
******* HP results ********
 acc: 0.5833 - recall: 0.6875 - f1: 0.6311 
Loading features from cached file /mnt/storage/wubinghong.wbh/deepl/torch_ner_new/datasets/ecommerce/cached_crf-test_bert-base-chinese_512_ecommerce
***** Running evaluation on test dataset  *****
  Num examples = 497
  Batch size = 24


***** Eval results  *****
 acc: 0.7655 - recall: 0.8416 - f1: 0.8017 - loss: 5.2863 
***** Entity results  *****
******* HC results ********
 acc: 0.7898 - recall: 0.8620 - f1: 0.8243 
******* HP results ********
 acc: 0.6397 - recall: 0.7311 - f1: 0.6824 
Saving model checkpoint to /mnt/storage/wubinghong.wbh/deepl/torch_ner_new/outputs/ecommerce_output/bert_estor-selfatt-add_crf/checkpoint-1336
Saving optimizer and scheduler states to /mnt/storage/wubinghong.wbh/deepl/torch_ner_new/outputs/ecommerce_output/bert_estor-selfatt-add_crf/checkpoint-1336


Backbone bert_estor-selfatt-add_crf param is freeze
Loading features from cached file /mnt/storage/wubinghong.wbh/deepl/torch_ner_new/datasets/ecommerce/cached_crf-dev_bert-base-chinese_512_ecommerce
***** Running evaluation on dev dataset  *****
  Num examples = 499
  Batch size = 24


***** Eval results  *****
 acc: 0.7355 - recall: 0.8122 - f1: 0.7720 - loss: 5.0705 
***** Entity results  *****
******* HC results ********
 acc: 0.7564 - recall: 0.8336 - f1: 0.7931 
******* HP results ********
 acc: 0.6240 - recall: 0.6964 - f1: 0.6582 
Loading features from cached file /mnt/storage/wubinghong.wbh/deepl/torch_ner_new/datasets/ecommerce/cached_crf-test_bert-base-chinese_512_ecommerce
***** Running evaluation on test dataset  *****
  Num examples = 497
  Batch size = 24


***** Eval results  *****
 acc: 0.7793 - recall: 0.8272 - f1: 0.8025 - loss: 4.9272 
***** Entity results  *****
******* HC results ********
 acc: 0.8059 - recall: 0.8496 - f1: 0.8272 
******* HP results ********
 acc: 0.6412 - recall: 0.7059 - f1: 0.6720 
Saving model checkpoint to /mnt/storage/wubinghong.wbh/deepl/torch_ner_new/outputs/ecommerce_output/bert_estor-selfatt-add_crf/checkpoint-1503
Saving optimizer and scheduler states to /mnt/storage/wubinghong.wbh/deepl/torch_ner_new/outputs/ecommerce_output/bert_estor-selfatt-add_crf/checkpoint-1503


Backbone bert_estor-selfatt-add_crf param is freeze
Loading features from cached file /mnt/storage/wubinghong.wbh/deepl/torch_ner_new/datasets/ecommerce/cached_crf-dev_bert-base-chinese_512_ecommerce
***** Running evaluation on dev dataset  *****
  Num examples = 499
  Batch size = 24


***** Eval results  *****
 acc: 0.7230 - recall: 0.8206 - f1: 0.7687 - loss: 5.0993 
***** Entity results  *****
******* HC results ********
 acc: 0.7489 - recall: 0.8353 - f1: 0.7897 
******* HP results ********
 acc: 0.5971 - recall: 0.7411 - f1: 0.6614 
Loading features from cached file /mnt/storage/wubinghong.wbh/deepl/torch_ner_new/datasets/ecommerce/cached_crf-test_bert-base-chinese_512_ecommerce
***** Running evaluation on test dataset  *****
  Num examples = 497
  Batch size = 24


***** Eval results  *****
 acc: 0.7670 - recall: 0.8403 - f1: 0.8020 - loss: 4.9215 
***** Entity results  *****
******* HC results ********
 acc: 0.8052 - recall: 0.8589 - f1: 0.8312 
******* HP results ********
 acc: 0.5906 - recall: 0.7395 - f1: 0.6567 
Saving model checkpoint to /mnt/storage/wubinghong.wbh/deepl/torch_ner_new/outputs/ecommerce_output/bert_estor-selfatt-add_crf/checkpoint-1670
Saving optimizer and scheduler states to /mnt/storage/wubinghong.wbh/deepl/torch_ner_new/outputs/ecommerce_output/bert_estor-selfatt-add_crf/checkpoint-1670


Backbone bert_estor-selfatt-add_crf param is freeze
Loading features from cached file /mnt/storage/wubinghong.wbh/deepl/torch_ner_new/datasets/ecommerce/cached_crf-dev_bert-base-chinese_512_ecommerce
***** Running evaluation on dev dataset  *****
  Num examples = 499
  Batch size = 24


***** Eval results  *****
 acc: 0.7270 - recall: 0.8150 - f1: 0.7685 - loss: 4.6999 
***** Entity results  *****
******* HC results ********
 acc: 0.7489 - recall: 0.8353 - f1: 0.7897 
******* HP results ********
 acc: 0.6124 - recall: 0.7054 - f1: 0.6556 
Loading features from cached file /mnt/storage/wubinghong.wbh/deepl/torch_ner_new/datasets/ecommerce/cached_crf-test_bert-base-chinese_512_ecommerce
***** Running evaluation on test dataset  *****
  Num examples = 497
  Batch size = 24


***** Eval results  *****
 acc: 0.7772 - recall: 0.8403 - f1: 0.8075 - loss: 4.5278 
***** Entity results  *****
******* HC results ********
 acc: 0.8079 - recall: 0.8605 - f1: 0.8333 
******* HP results ********
 acc: 0.6259 - recall: 0.7311 - f1: 0.6744 
Saving model checkpoint to /mnt/storage/wubinghong.wbh/deepl/torch_ner_new/outputs/ecommerce_output/bert_estor-selfatt-add_crf/checkpoint-1837
Saving optimizer and scheduler states to /mnt/storage/wubinghong.wbh/deepl/torch_ner_new/outputs/ecommerce_output/bert_estor-selfatt-add_crf/checkpoint-1837


Backbone bert_estor-selfatt-add_crf param is freeze
Loading features from cached file /mnt/storage/wubinghong.wbh/deepl/torch_ner_new/datasets/ecommerce/cached_crf-dev_bert-base-chinese_512_ecommerce
***** Running evaluation on dev dataset  *****
  Num examples = 499
  Batch size = 24


***** Eval results  *****
 acc: 0.7500 - recall: 0.8136 - f1: 0.7805 - loss: 4.6561 
***** Entity results  *****
******* HC results ********
 acc: 0.7959 - recall: 0.8287 - f1: 0.8119 
******* HP results ********
 acc: 0.5541 - recall: 0.7321 - f1: 0.6308 
Loading features from cached file /mnt/storage/wubinghong.wbh/deepl/torch_ner_new/datasets/ecommerce/cached_crf-test_bert-base-chinese_512_ecommerce
***** Running evaluation on test dataset  *****
  Num examples = 497
  Batch size = 24


***** Eval results  *****
 acc: 0.7837 - recall: 0.8298 - f1: 0.8061 - loss: 4.5045 
***** Entity results  *****
******* HC results ********
 acc: 0.8372 - recall: 0.8450 - f1: 0.8410 
******* HP results ********
 acc: 0.5633 - recall: 0.7479 - f1: 0.6426 
Saving model checkpoint to /mnt/storage/wubinghong.wbh/deepl/torch_ner_new/outputs/ecommerce_output/bert_estor-selfatt-add_crf/checkpoint-2004
Saving optimizer and scheduler states to /mnt/storage/wubinghong.wbh/deepl/torch_ner_new/outputs/ecommerce_output/bert_estor-selfatt-add_crf/checkpoint-2004


Backbone bert_estor-selfatt-add_crf param is freeze
Loading features from cached file /mnt/storage/wubinghong.wbh/deepl/torch_ner_new/datasets/ecommerce/cached_crf-dev_bert-base-chinese_512_ecommerce
***** Running evaluation on dev dataset  *****
  Num examples = 499
  Batch size = 24


***** Eval results  *****
 acc: 0.7206 - recall: 0.8359 - f1: 0.7740 - loss: 4.7300 
***** Entity results  *****
******* HC results ********
 acc: 0.7581 - recall: 0.8517 - f1: 0.8022 
******* HP results ********
 acc: 0.5526 - recall: 0.7500 - f1: 0.6364 
Loading features from cached file /mnt/storage/wubinghong.wbh/deepl/torch_ner_new/datasets/ecommerce/cached_crf-test_bert-base-chinese_512_ecommerce
***** Running evaluation on test dataset  *****
  Num examples = 497
  Batch size = 24


***** Eval results  *****
 acc: 0.7639 - recall: 0.8429 - f1: 0.8015 - loss: 4.5143 
***** Entity results  *****
******* HC results ********
 acc: 0.8082 - recall: 0.8558 - f1: 0.8313 
******* HP results ********
 acc: 0.5750 - recall: 0.7731 - f1: 0.6595 
Saving model checkpoint to /mnt/storage/wubinghong.wbh/deepl/torch_ner_new/outputs/ecommerce_output/bert_estor-selfatt-add_crf/checkpoint-2171
Saving optimizer and scheduler states to /mnt/storage/wubinghong.wbh/deepl/torch_ner_new/outputs/ecommerce_output/bert_estor-selfatt-add_crf/checkpoint-2171


Backbone bert_estor-selfatt-add_crf param is freeze
Loading features from cached file /mnt/storage/wubinghong.wbh/deepl/torch_ner_new/datasets/ecommerce/cached_crf-dev_bert-base-chinese_512_ecommerce
***** Running evaluation on dev dataset  *****
  Num examples = 499
  Batch size = 24


***** Eval results  *****
 acc: 0.7287 - recall: 0.8331 - f1: 0.7774 - loss: 4.5353 
***** Entity results  *****
******* HC results ********
 acc: 0.7574 - recall: 0.8484 - f1: 0.8003 
******* HP results ********
 acc: 0.5915 - recall: 0.7500 - f1: 0.6614 
Loading features from cached file /mnt/storage/wubinghong.wbh/deepl/torch_ner_new/datasets/ecommerce/cached_crf-test_bert-base-chinese_512_ecommerce
***** Running evaluation on test dataset  *****
  Num examples = 497
  Batch size = 24


***** Eval results  *****
 acc: 0.7666 - recall: 0.8469 - f1: 0.8047 - loss: 4.3695 
***** Entity results  *****
******* HC results ********
 acc: 0.7989 - recall: 0.8620 - f1: 0.8292 
******* HP results ********
 acc: 0.6149 - recall: 0.7647 - f1: 0.6816 
Saving model checkpoint to /mnt/storage/wubinghong.wbh/deepl/torch_ner_new/outputs/ecommerce_output/bert_estor-selfatt-add_crf/checkpoint-2338
Saving optimizer and scheduler states to /mnt/storage/wubinghong.wbh/deepl/torch_ner_new/outputs/ecommerce_output/bert_estor-selfatt-add_crf/checkpoint-2338


Backbone bert_estor-selfatt-add_crf param is freeze
Loading features from cached file /mnt/storage/wubinghong.wbh/deepl/torch_ner_new/datasets/ecommerce/cached_crf-dev_bert-base-chinese_512_ecommerce
***** Running evaluation on dev dataset  *****
  Num examples = 499
  Batch size = 24


***** Eval results  *****
 acc: 0.7051 - recall: 0.8512 - f1: 0.7713 - loss: 4.7708 
***** Entity results  *****
******* HC results ********
 acc: 0.7299 - recall: 0.8682 - f1: 0.7931 
******* HP results ********
 acc: 0.5822 - recall: 0.7589 - f1: 0.6589 
Loading features from cached file /mnt/storage/wubinghong.wbh/deepl/torch_ner_new/datasets/ecommerce/cached_crf-test_bert-base-chinese_512_ecommerce
***** Running evaluation on test dataset  *****
  Num examples = 497
  Batch size = 24


***** Eval results  *****
 acc: 0.7344 - recall: 0.8613 - f1: 0.7928 - loss: 4.6560 
***** Entity results  *****
******* HC results ********
 acc: 0.7577 - recall: 0.8775 - f1: 0.8132 
******* HP results ********
 acc: 0.6174 - recall: 0.7731 - f1: 0.6866 
Saving model checkpoint to /mnt/storage/wubinghong.wbh/deepl/torch_ner_new/outputs/ecommerce_output/bert_estor-selfatt-add_crf/checkpoint-2505
Saving optimizer and scheduler states to /mnt/storage/wubinghong.wbh/deepl/torch_ner_new/outputs/ecommerce_output/bert_estor-selfatt-add_crf/checkpoint-2505


Backbone bert_estor-selfatt-add_crf param is freeze
Loading features from cached file /mnt/storage/wubinghong.wbh/deepl/torch_ner_new/datasets/ecommerce/cached_crf-dev_bert-base-chinese_512_ecommerce
***** Running evaluation on dev dataset  *****
  Num examples = 499
  Batch size = 24


***** Eval results  *****
 acc: 0.7244 - recall: 0.8261 - f1: 0.7719 - loss: 4.4416 
***** Entity results  *****
******* HC results ********
 acc: 0.7552 - recall: 0.8435 - f1: 0.7969 
******* HP results ********
 acc: 0.5775 - recall: 0.7321 - f1: 0.6457 
Loading features from cached file /mnt/storage/wubinghong.wbh/deepl/torch_ner_new/datasets/ecommerce/cached_crf-test_bert-base-chinese_512_ecommerce
***** Running evaluation on test dataset  *****
  Num examples = 497
  Batch size = 24


***** Eval results  *****
 acc: 0.7730 - recall: 0.8469 - f1: 0.8082 - loss: 4.3399 
***** Entity results  *****
******* HC results ********
 acc: 0.8026 - recall: 0.8636 - f1: 0.8320 
******* HP results ********
 acc: 0.6294 - recall: 0.7563 - f1: 0.6870 
Saving model checkpoint to /mnt/storage/wubinghong.wbh/deepl/torch_ner_new/outputs/ecommerce_output/bert_estor-selfatt-add_crf/checkpoint-2672
Saving optimizer and scheduler states to /mnt/storage/wubinghong.wbh/deepl/torch_ner_new/outputs/ecommerce_output/bert_estor-selfatt-add_crf/checkpoint-2672


Backbone bert_estor-selfatt-add_crf param is freeze
Loading features from cached file /mnt/storage/wubinghong.wbh/deepl/torch_ner_new/datasets/ecommerce/cached_crf-dev_bert-base-chinese_512_ecommerce
***** Running evaluation on dev dataset  *****
  Num examples = 499
  Batch size = 24


***** Eval results  *****
 acc: 0.7544 - recall: 0.8289 - f1: 0.7899 - loss: 4.1369 
***** Entity results  *****
******* HC results ********
 acc: 0.7841 - recall: 0.8435 - f1: 0.8127 
******* HP results ********
 acc: 0.6131 - recall: 0.7500 - f1: 0.6747 
Loading features from cached file /mnt/storage/wubinghong.wbh/deepl/torch_ner_new/datasets/ecommerce/cached_crf-test_bert-base-chinese_512_ecommerce
***** Running evaluation on test dataset  *****
  Num examples = 497
  Batch size = 24


***** Eval results  *****
 acc: 0.7855 - recall: 0.8338 - f1: 0.8089 - loss: 4.0933 
***** Entity results  *****
******* HC results ********
 acc: 0.8216 - recall: 0.8496 - f1: 0.8354 
******* HP results ********
 acc: 0.6181 - recall: 0.7479 - f1: 0.6768 
Saving model checkpoint to /mnt/storage/wubinghong.wbh/deepl/torch_ner_new/outputs/ecommerce_output/bert_estor-selfatt-add_crf/checkpoint-2839
Saving optimizer and scheduler states to /mnt/storage/wubinghong.wbh/deepl/torch_ner_new/outputs/ecommerce_output/bert_estor-selfatt-add_crf/checkpoint-2839


Backbone bert_estor-selfatt-add_crf param is freeze
Loading features from cached file /mnt/storage/wubinghong.wbh/deepl/torch_ner_new/datasets/ecommerce/cached_crf-dev_bert-base-chinese_512_ecommerce
***** Running evaluation on dev dataset  *****
  Num examples = 499
  Batch size = 24


***** Eval results  *****
 acc: 0.6631 - recall: 0.8567 - f1: 0.7476 - loss: 5.1152 
***** Entity results  *****
******* HC results ********
 acc: 0.7044 - recall: 0.8715 - f1: 0.7791 
******* HP results ********
 acc: 0.4888 - recall: 0.7768 - f1: 0.6000 
Loading features from cached file /mnt/storage/wubinghong.wbh/deepl/torch_ner_new/datasets/ecommerce/cached_crf-test_bert-base-chinese_512_ecommerce
***** Running evaluation on test dataset  *****
  Num examples = 497
  Batch size = 24


***** Eval results  *****
 acc: 0.6974 - recall: 0.8717 - f1: 0.7749 - loss: 4.9136 
***** Entity results  *****
******* HC results ********
 acc: 0.7416 - recall: 0.8853 - f1: 0.8071 
******* HP results ********
 acc: 0.5135 - recall: 0.7983 - f1: 0.6250 
Saving model checkpoint to /mnt/storage/wubinghong.wbh/deepl/torch_ner_new/outputs/ecommerce_output/bert_estor-selfatt-add_crf/checkpoint-3006
Saving optimizer and scheduler states to /mnt/storage/wubinghong.wbh/deepl/torch_ner_new/outputs/ecommerce_output/bert_estor-selfatt-add_crf/checkpoint-3006


Backbone bert_estor-selfatt-add_crf param is freeze
Loading features from cached file /mnt/storage/wubinghong.wbh/deepl/torch_ner_new/datasets/ecommerce/cached_crf-dev_bert-base-chinese_512_ecommerce
***** Running evaluation on dev dataset  *****
  Num examples = 499
  Batch size = 24


***** Eval results  *****
 acc: 0.7431 - recall: 0.8289 - f1: 0.7837 - loss: 4.1303 
***** Entity results  *****
******* HC results ********
 acc: 0.7810 - recall: 0.8402 - f1: 0.8095 
******* HP results ********
 acc: 0.5772 - recall: 0.7679 - f1: 0.6590 
Loading features from cached file /mnt/storage/wubinghong.wbh/deepl/torch_ner_new/datasets/ecommerce/cached_crf-test_bert-base-chinese_512_ecommerce
***** Running evaluation on test dataset  *****
  Num examples = 497
  Batch size = 24


***** Eval results  *****
 acc: 0.7748 - recall: 0.8377 - f1: 0.8050 - loss: 4.0252 
***** Entity results  *****
******* HC results ********
 acc: 0.8121 - recall: 0.8512 - f1: 0.8312 
******* HP results ********
 acc: 0.6067 - recall: 0.7647 - f1: 0.6766 
Saving model checkpoint to /mnt/storage/wubinghong.wbh/deepl/torch_ner_new/outputs/ecommerce_output/bert_estor-selfatt-add_crf/checkpoint-3173
Saving optimizer and scheduler states to /mnt/storage/wubinghong.wbh/deepl/torch_ner_new/outputs/ecommerce_output/bert_estor-selfatt-add_crf/checkpoint-3173


Backbone bert_estor-selfatt-add_crf param is freeze
Loading features from cached file /mnt/storage/wubinghong.wbh/deepl/torch_ner_new/datasets/ecommerce/cached_crf-dev_bert-base-chinese_512_ecommerce
***** Running evaluation on dev dataset  *****
  Num examples = 499
  Batch size = 24


***** Eval results  *****
 acc: 0.7475 - recall: 0.8192 - f1: 0.7817 - loss: 3.9714 
***** Entity results  *****
******* HC results ********
 acc: 0.7768 - recall: 0.8369 - f1: 0.8057 
******* HP results ********
 acc: 0.6045 - recall: 0.7232 - f1: 0.6585 
Loading features from cached file /mnt/storage/wubinghong.wbh/deepl/torch_ner_new/datasets/ecommerce/cached_crf-test_bert-base-chinese_512_ecommerce
***** Running evaluation on test dataset  *****
  Num examples = 497
  Batch size = 24


***** Eval results  *****
 acc: 0.7725 - recall: 0.8312 - f1: 0.8008 - loss: 3.9167 
***** Entity results  *****
******* HC results ********
 acc: 0.8024 - recall: 0.8434 - f1: 0.8224 
******* HP results ********
 acc: 0.6319 - recall: 0.7647 - f1: 0.6920 
Saving model checkpoint to /mnt/storage/wubinghong.wbh/deepl/torch_ner_new/outputs/ecommerce_output/bert_estor-selfatt-add_crf/checkpoint-3340
Saving optimizer and scheduler states to /mnt/storage/wubinghong.wbh/deepl/torch_ner_new/outputs/ecommerce_output/bert_estor-selfatt-add_crf/checkpoint-3340


Backbone bert_estor-selfatt-add_crf param is freeze
Loading features from cached file /mnt/storage/wubinghong.wbh/deepl/torch_ner_new/datasets/ecommerce/cached_crf-dev_bert-base-chinese_512_ecommerce
***** Running evaluation on dev dataset  *****
  Num examples = 499
  Batch size = 24


***** Eval results  *****
 acc: 0.7526 - recall: 0.8039 - f1: 0.7774 - loss: 4.0463 
***** Entity results  *****
******* HC results ********
 acc: 0.8042 - recall: 0.8254 - f1: 0.8146 
******* HP results ********
 acc: 0.5310 - recall: 0.6875 - f1: 0.5992 
Loading features from cached file /mnt/storage/wubinghong.wbh/deepl/torch_ner_new/datasets/ecommerce/cached_crf-test_bert-base-chinese_512_ecommerce
***** Running evaluation on test dataset  *****
  Num examples = 497
  Batch size = 24


***** Eval results  *****
 acc: 0.7845 - recall: 0.8194 - f1: 0.8015 - loss: 3.9799 
***** Entity results  *****
******* HC results ********
 acc: 0.8215 - recall: 0.8279 - f1: 0.8247 
******* HP results ********
 acc: 0.6216 - recall: 0.7731 - f1: 0.6891 
Saving model checkpoint to /mnt/storage/wubinghong.wbh/deepl/torch_ner_new/outputs/ecommerce_output/bert_estor-selfatt-add_crf/checkpoint-3507
Saving optimizer and scheduler states to /mnt/storage/wubinghong.wbh/deepl/torch_ner_new/outputs/ecommerce_output/bert_estor-selfatt-add_crf/checkpoint-3507


Backbone bert_estor-selfatt-add_crf param is freeze
Loading features from cached file /mnt/storage/wubinghong.wbh/deepl/torch_ner_new/datasets/ecommerce/cached_crf-dev_bert-base-chinese_512_ecommerce
***** Running evaluation on dev dataset  *****
  Num examples = 499
  Batch size = 24


***** Eval results  *****
 acc: 0.7318 - recall: 0.8387 - f1: 0.7816 - loss: 4.0952 
***** Entity results  *****
******* HC results ********
 acc: 0.7662 - recall: 0.8583 - f1: 0.8096 
******* HP results ********
 acc: 0.5694 - recall: 0.7321 - f1: 0.6406 
Loading features from cached file /mnt/storage/wubinghong.wbh/deepl/torch_ner_new/datasets/ecommerce/cached_crf-test_bert-base-chinese_512_ecommerce
***** Running evaluation on test dataset  *****
  Num examples = 497
  Batch size = 24


***** Eval results  *****
 acc: 0.7523 - recall: 0.8547 - f1: 0.8002 - loss: 4.0690 
***** Entity results  *****
******* HC results ********
 acc: 0.7884 - recall: 0.8667 - f1: 0.8257 
******* HP results ********
 acc: 0.5912 - recall: 0.7899 - f1: 0.6763 
Saving model checkpoint to /mnt/storage/wubinghong.wbh/deepl/torch_ner_new/outputs/ecommerce_output/bert_estor-selfatt-add_crf/checkpoint-3674
Saving optimizer and scheduler states to /mnt/storage/wubinghong.wbh/deepl/torch_ner_new/outputs/ecommerce_output/bert_estor-selfatt-add_crf/checkpoint-3674


Backbone bert_estor-selfatt-add_crf param is freeze
Loading features from cached file /mnt/storage/wubinghong.wbh/deepl/torch_ner_new/datasets/ecommerce/cached_crf-dev_bert-base-chinese_512_ecommerce
***** Running evaluation on dev dataset  *****
  Num examples = 499
  Batch size = 24


***** Eval results  *****
 acc: 0.7478 - recall: 0.8206 - f1: 0.7825 - loss: 4.1296 
***** Entity results  *****
******* HC results ********
 acc: 0.7738 - recall: 0.8451 - f1: 0.8079 
******* HP results ********
 acc: 0.6111 - recall: 0.6875 - f1: 0.6471 
Loading features from cached file /mnt/storage/wubinghong.wbh/deepl/torch_ner_new/datasets/ecommerce/cached_crf-test_bert-base-chinese_512_ecommerce
***** Running evaluation on test dataset  *****
  Num examples = 497
  Batch size = 24


***** Eval results  *****
 acc: 0.7697 - recall: 0.8442 - f1: 0.8052 - loss: 4.0343 
***** Entity results  *****
******* HC results ********
 acc: 0.7923 - recall: 0.8574 - f1: 0.8235 
******* HP results ********
 acc: 0.6571 - recall: 0.7731 - f1: 0.7104 
Saving model checkpoint to /mnt/storage/wubinghong.wbh/deepl/torch_ner_new/outputs/ecommerce_output/bert_estor-selfatt-add_crf/checkpoint-3841
Saving optimizer and scheduler states to /mnt/storage/wubinghong.wbh/deepl/torch_ner_new/outputs/ecommerce_output/bert_estor-selfatt-add_crf/checkpoint-3841


Backbone bert_estor-selfatt-add_crf param is freeze
Loading features from cached file /mnt/storage/wubinghong.wbh/deepl/torch_ner_new/datasets/ecommerce/cached_crf-dev_bert-base-chinese_512_ecommerce
***** Running evaluation on dev dataset  *****
  Num examples = 499
  Batch size = 24


***** Eval results  *****
 acc: 0.7601 - recall: 0.8108 - f1: 0.7847 - loss: 3.9154 
***** Entity results  *****
******* HC results ********
 acc: 0.7974 - recall: 0.8237 - f1: 0.8104 
******* HP results ********
 acc: 0.5929 - recall: 0.7411 - f1: 0.6587 
Loading features from cached file /mnt/storage/wubinghong.wbh/deepl/torch_ner_new/datasets/ecommerce/cached_crf-test_bert-base-chinese_512_ecommerce
***** Running evaluation on test dataset  *****
  Num examples = 497
  Batch size = 24


***** Eval results  *****
 acc: 0.7885 - recall: 0.8246 - f1: 0.8061 - loss: 3.8576 
***** Entity results  *****
******* HC results ********
 acc: 0.8242 - recall: 0.8357 - f1: 0.8299 
******* HP results ********
 acc: 0.6276 - recall: 0.7647 - f1: 0.6894 
Saving model checkpoint to /mnt/storage/wubinghong.wbh/deepl/torch_ner_new/outputs/ecommerce_output/bert_estor-selfatt-add_crf/checkpoint-4008
Saving optimizer and scheduler states to /mnt/storage/wubinghong.wbh/deepl/torch_ner_new/outputs/ecommerce_output/bert_estor-selfatt-add_crf/checkpoint-4008


Backbone bert_estor-selfatt-add_crf param is freeze
Loading features from cached file /mnt/storage/wubinghong.wbh/deepl/torch_ner_new/datasets/ecommerce/cached_crf-dev_bert-base-chinese_512_ecommerce
***** Running evaluation on dev dataset  *****
  Num examples = 499
  Batch size = 24


***** Eval results  *****
 acc: 0.7576 - recall: 0.8303 - f1: 0.7923 - loss: 3.9484 
***** Entity results  *****
******* HC results ********
 acc: 0.7988 - recall: 0.8501 - f1: 0.8236 
******* HP results ********
 acc: 0.5704 - recall: 0.7232 - f1: 0.6378 
Loading features from cached file /mnt/storage/wubinghong.wbh/deepl/torch_ner_new/datasets/ecommerce/cached_crf-test_bert-base-chinese_512_ecommerce
***** Running evaluation on test dataset  *****
  Num examples = 497
  Batch size = 24


***** Eval results  *****
 acc: 0.7830 - recall: 0.8455 - f1: 0.8131 - loss: 3.9320 
***** Entity results  *****
******* HC results ********
 acc: 0.8214 - recall: 0.8558 - f1: 0.8383 
******* HP results ********
 acc: 0.6144 - recall: 0.7899 - f1: 0.6912 
Saving model checkpoint to /mnt/storage/wubinghong.wbh/deepl/torch_ner_new/outputs/ecommerce_output/bert_estor-selfatt-add_crf/checkpoint-4175
Saving optimizer and scheduler states to /mnt/storage/wubinghong.wbh/deepl/torch_ner_new/outputs/ecommerce_output/bert_estor-selfatt-add_crf/checkpoint-4175


Backbone bert_estor-selfatt-add_crf param is not freeze
Loading features from cached file /mnt/storage/wubinghong.wbh/deepl/torch_ner_new/datasets/ecommerce/cached_crf-dev_bert-base-chinese_512_ecommerce
***** Running evaluation on dev dataset  *****
  Num examples = 499
  Batch size = 24


***** Eval results  *****
 acc: 0.7389 - recall: 0.8540 - f1: 0.7923 - loss: 4.1442 
***** Entity results  *****
******* HC results ********
 acc: 0.7877 - recall: 0.8682 - f1: 0.8260 
******* HP results ********
 acc: 0.5370 - recall: 0.7768 - f1: 0.6350 
Loading features from cached file /mnt/storage/wubinghong.wbh/deepl/torch_ner_new/datasets/ecommerce/cached_crf-test_bert-base-chinese_512_ecommerce
***** Running evaluation on test dataset  *****
  Num examples = 497
  Batch size = 24


***** Eval results  *****
 acc: 0.7575 - recall: 0.8586 - f1: 0.8049 - loss: 4.1371 
***** Entity results  *****
******* HC results ********
 acc: 0.8009 - recall: 0.8667 - f1: 0.8325 
******* HP results ********
 acc: 0.5774 - recall: 0.8151 - f1: 0.6760 
Saving model checkpoint to /mnt/storage/wubinghong.wbh/deepl/torch_ner_new/outputs/ecommerce_output/bert_estor-selfatt-add_crf/checkpoint-4342
Saving optimizer and scheduler states to /mnt/storage/wubinghong.wbh/deepl/torch_ner_new/outputs/ecommerce_output/bert_estor-selfatt-add_crf/checkpoint-4342


Backbone bert_estor-selfatt-add_crf param is not freeze
Loading features from cached file /mnt/storage/wubinghong.wbh/deepl/torch_ner_new/datasets/ecommerce/cached_crf-dev_bert-base-chinese_512_ecommerce
***** Running evaluation on dev dataset  *****
  Num examples = 499
  Batch size = 24


***** Eval results  *****
 acc: 0.7342 - recall: 0.8414 - f1: 0.7842 - loss: 4.2543 
***** Entity results  *****
******* HC results ********
 acc: 0.7912 - recall: 0.8616 - f1: 0.8249 
******* HP results ********
 acc: 0.5031 - recall: 0.7321 - f1: 0.5964 
Loading features from cached file /mnt/storage/wubinghong.wbh/deepl/torch_ner_new/datasets/ecommerce/cached_crf-test_bert-base-chinese_512_ecommerce
***** Running evaluation on test dataset  *****
  Num examples = 497
  Batch size = 24


***** Eval results  *****
 acc: 0.7511 - recall: 0.8573 - f1: 0.8007 - loss: 4.2031 
***** Entity results  *****
******* HC results ********
 acc: 0.8084 - recall: 0.8698 - f1: 0.8379 
******* HP results ********
 acc: 0.5281 - recall: 0.7899 - f1: 0.6330 
Saving model checkpoint to /mnt/storage/wubinghong.wbh/deepl/torch_ner_new/outputs/ecommerce_output/bert_estor-selfatt-add_crf/checkpoint-4509
Saving optimizer and scheduler states to /mnt/storage/wubinghong.wbh/deepl/torch_ner_new/outputs/ecommerce_output/bert_estor-selfatt-add_crf/checkpoint-4509


Backbone bert_estor-selfatt-add_crf param is not freeze
Loading features from cached file /mnt/storage/wubinghong.wbh/deepl/torch_ner_new/datasets/ecommerce/cached_crf-dev_bert-base-chinese_512_ecommerce
***** Running evaluation on dev dataset  *****
  Num examples = 499
  Batch size = 24


***** Eval results  *****
 acc: 0.7503 - recall: 0.8401 - f1: 0.7927 - loss: 3.7439 
***** Entity results  *****
******* HC results ********
 acc: 0.7890 - recall: 0.8501 - f1: 0.8184 
******* HP results ********
 acc: 0.5828 - recall: 0.7857 - f1: 0.6692 
Loading features from cached file /mnt/storage/wubinghong.wbh/deepl/torch_ner_new/datasets/ecommerce/cached_crf-test_bert-base-chinese_512_ecommerce
***** Running evaluation on test dataset  *****
  Num examples = 497
  Batch size = 24


***** Eval results  *****
 acc: 0.7832 - recall: 0.8560 - f1: 0.8180 - loss: 3.9008 
***** Entity results  *****
******* HC results ********
 acc: 0.8286 - recall: 0.8620 - f1: 0.8450 
******* HP results ********
 acc: 0.5976 - recall: 0.8235 - f1: 0.6926 
Saving model checkpoint to /mnt/storage/wubinghong.wbh/deepl/torch_ner_new/outputs/ecommerce_output/bert_estor-selfatt-add_crf/checkpoint-4676
Saving optimizer and scheduler states to /mnt/storage/wubinghong.wbh/deepl/torch_ner_new/outputs/ecommerce_output/bert_estor-selfatt-add_crf/checkpoint-4676


Backbone bert_estor-selfatt-add_crf param is not freeze
Loading features from cached file /mnt/storage/wubinghong.wbh/deepl/torch_ner_new/datasets/ecommerce/cached_crf-dev_bert-base-chinese_512_ecommerce
***** Running evaluation on dev dataset  *****
  Num examples = 499
  Batch size = 24


***** Eval results  *****
 acc: 0.7537 - recall: 0.8512 - f1: 0.7995 - loss: 4.0652 
***** Entity results  *****
******* HC results ********
 acc: 0.7946 - recall: 0.8666 - f1: 0.8290 
******* HP results ********
 acc: 0.5733 - recall: 0.7679 - f1: 0.6565 
Loading features from cached file /mnt/storage/wubinghong.wbh/deepl/torch_ner_new/datasets/ecommerce/cached_crf-test_bert-base-chinese_512_ecommerce
***** Running evaluation on test dataset  *****
  Num examples = 497
  Batch size = 24


***** Eval results  *****
 acc: 0.7762 - recall: 0.8442 - f1: 0.8088 - loss: 4.1887 
***** Entity results  *****
******* HC results ********
 acc: 0.8201 - recall: 0.8481 - f1: 0.8338 
******* HP results ********
 acc: 0.5976 - recall: 0.8235 - f1: 0.6926 
Saving model checkpoint to /mnt/storage/wubinghong.wbh/deepl/torch_ner_new/outputs/ecommerce_output/bert_estor-selfatt-add_crf/checkpoint-4843
Saving optimizer and scheduler states to /mnt/storage/wubinghong.wbh/deepl/torch_ner_new/outputs/ecommerce_output/bert_estor-selfatt-add_crf/checkpoint-4843


Backbone bert_estor-selfatt-add_crf param is not freeze
Loading features from cached file /mnt/storage/wubinghong.wbh/deepl/torch_ner_new/datasets/ecommerce/cached_crf-dev_bert-base-chinese_512_ecommerce
***** Running evaluation on dev dataset  *****
  Num examples = 499
  Batch size = 24


***** Eval results  *****
 acc: 0.8154 - recall: 0.8234 - f1: 0.8194 - loss: 3.8501 
***** Entity results  *****
******* HC results ********
 acc: 0.8250 - recall: 0.8386 - f1: 0.8317 
******* HP results ********
 acc: 0.7615 - recall: 0.7411 - f1: 0.7511 
Loading features from cached file /mnt/storage/wubinghong.wbh/deepl/torch_ner_new/datasets/ecommerce/cached_crf-test_bert-base-chinese_512_ecommerce
***** Running evaluation on test dataset  *****
  Num examples = 497
  Batch size = 24


***** Eval results  *****
 acc: 0.8223 - recall: 0.8115 - f1: 0.8169 - loss: 4.0034 
***** Entity results  *****
******* HC results ********
 acc: 0.8479 - recall: 0.8295 - f1: 0.8386 
******* HP results ********
 acc: 0.6911 - recall: 0.7143 - f1: 0.7025 
Saving model checkpoint to /mnt/storage/wubinghong.wbh/deepl/torch_ner_new/outputs/ecommerce_output/bert_estor-selfatt-add_crf/checkpoint-5010
Saving optimizer and scheduler states to /mnt/storage/wubinghong.wbh/deepl/torch_ner_new/outputs/ecommerce_output/bert_estor-selfatt-add_crf/checkpoint-5010


Backbone bert_estor-selfatt-add_crf param is not freeze
Loading features from cached file /mnt/storage/wubinghong.wbh/deepl/torch_ner_new/datasets/ecommerce/cached_crf-dev_bert-base-chinese_512_ecommerce
***** Running evaluation on dev dataset  *****
  Num examples = 499
  Batch size = 24


***** Eval results  *****
 acc: 0.8317 - recall: 0.8248 - f1: 0.8282 - loss: 4.1758 
***** Entity results  *****
******* HC results ********
 acc: 0.8446 - recall: 0.8418 - f1: 0.8432 
******* HP results ********
 acc: 0.7593 - recall: 0.7321 - f1: 0.7455 
Loading features from cached file /mnt/storage/wubinghong.wbh/deepl/torch_ner_new/datasets/ecommerce/cached_crf-test_bert-base-chinese_512_ecommerce
***** Running evaluation on test dataset  *****
  Num examples = 497
  Batch size = 24


***** Eval results  *****
 acc: 0.8298 - recall: 0.8102 - f1: 0.8199 - loss: 4.3684 
***** Entity results  *****
******* HC results ********
 acc: 0.8517 - recall: 0.8279 - f1: 0.8396 
******* HP results ********
 acc: 0.7143 - recall: 0.7143 - f1: 0.7143 
Saving model checkpoint to /mnt/storage/wubinghong.wbh/deepl/torch_ner_new/outputs/ecommerce_output/bert_estor-selfatt-add_crf/checkpoint-5177
Saving optimizer and scheduler states to /mnt/storage/wubinghong.wbh/deepl/torch_ner_new/outputs/ecommerce_output/bert_estor-selfatt-add_crf/checkpoint-5177


Backbone bert_estor-selfatt-add_crf param is not freeze
Loading features from cached file /mnt/storage/wubinghong.wbh/deepl/torch_ner_new/datasets/ecommerce/cached_crf-dev_bert-base-chinese_512_ecommerce
***** Running evaluation on dev dataset  *****
  Num examples = 499
  Batch size = 24


***** Eval results  *****
 acc: 0.8192 - recall: 0.8442 - f1: 0.8315 - loss: 4.4857 
***** Entity results  *****
******* HC results ********
 acc: 0.8302 - recall: 0.8616 - f1: 0.8456 
******* HP results ********
 acc: 0.7568 - recall: 0.7500 - f1: 0.7534 
Loading features from cached file /mnt/storage/wubinghong.wbh/deepl/torch_ner_new/datasets/ecommerce/cached_crf-test_bert-base-chinese_512_ecommerce
***** Running evaluation on test dataset  *****
  Num examples = 497
  Batch size = 24


***** Eval results  *****
 acc: 0.8120 - recall: 0.8312 - f1: 0.8215 - loss: 4.7050 
***** Entity results  *****
******* HC results ********
 acc: 0.8356 - recall: 0.8512 - f1: 0.8433 
******* HP results ********
 acc: 0.6880 - recall: 0.7227 - f1: 0.7049 
Saving model checkpoint to /mnt/storage/wubinghong.wbh/deepl/torch_ner_new/outputs/ecommerce_output/bert_estor-selfatt-add_crf/checkpoint-5344
Saving optimizer and scheduler states to /mnt/storage/wubinghong.wbh/deepl/torch_ner_new/outputs/ecommerce_output/bert_estor-selfatt-add_crf/checkpoint-5344


Backbone bert_estor-selfatt-add_crf param is not freeze
Loading features from cached file /mnt/storage/wubinghong.wbh/deepl/torch_ner_new/datasets/ecommerce/cached_crf-dev_bert-base-chinese_512_ecommerce
***** Running evaluation on dev dataset  *****
  Num examples = 499
  Batch size = 24


***** Eval results  *****
 acc: 0.8315 - recall: 0.8303 - f1: 0.8309 - loss: 4.8654 
***** Entity results  *****
******* HC results ********
 acc: 0.8344 - recall: 0.8550 - f1: 0.8446 
******* HP results ********
 acc: 0.8125 - recall: 0.6964 - f1: 0.7500 
Loading features from cached file /mnt/storage/wubinghong.wbh/deepl/torch_ner_new/datasets/ecommerce/cached_crf-test_bert-base-chinese_512_ecommerce
***** Running evaluation on test dataset  *****
  Num examples = 497
  Batch size = 24


***** Eval results  *****
 acc: 0.8280 - recall: 0.8063 - f1: 0.8170 - loss: 5.0369 
***** Entity results  *****
******* HC results ********
 acc: 0.8375 - recall: 0.8310 - f1: 0.8342 
******* HP results ********
 acc: 0.7692 - recall: 0.6723 - f1: 0.7175 
Saving model checkpoint to /mnt/storage/wubinghong.wbh/deepl/torch_ner_new/outputs/ecommerce_output/bert_estor-selfatt-add_crf/checkpoint-5511
Saving optimizer and scheduler states to /mnt/storage/wubinghong.wbh/deepl/torch_ner_new/outputs/ecommerce_output/bert_estor-selfatt-add_crf/checkpoint-5511


Backbone bert_estor-selfatt-add_crf param is not freeze
Loading features from cached file /mnt/storage/wubinghong.wbh/deepl/torch_ner_new/datasets/ecommerce/cached_crf-dev_bert-base-chinese_512_ecommerce
***** Running evaluation on dev dataset  *****
  Num examples = 499
  Batch size = 24


***** Eval results  *****
 acc: 0.8150 - recall: 0.8331 - f1: 0.8239 - loss: 5.2183 
***** Entity results  *****
******* HC results ********
 acc: 0.8246 - recall: 0.8517 - f1: 0.8379 
******* HP results ********
 acc: 0.7593 - recall: 0.7321 - f1: 0.7455 
Loading features from cached file /mnt/storage/wubinghong.wbh/deepl/torch_ner_new/datasets/ecommerce/cached_crf-test_bert-base-chinese_512_ecommerce
***** Running evaluation on test dataset  *****
  Num examples = 497
  Batch size = 24


***** Eval results  *****
 acc: 0.8270 - recall: 0.8259 - f1: 0.8265 - loss: 5.3239 
***** Entity results  *****
******* HC results ********
 acc: 0.8484 - recall: 0.8419 - f1: 0.8451 
******* HP results ********
 acc: 0.7154 - recall: 0.7395 - f1: 0.7273 
Saving model checkpoint to /mnt/storage/wubinghong.wbh/deepl/torch_ner_new/outputs/ecommerce_output/bert_estor-selfatt-add_crf/checkpoint-5678
Saving optimizer and scheduler states to /mnt/storage/wubinghong.wbh/deepl/torch_ner_new/outputs/ecommerce_output/bert_estor-selfatt-add_crf/checkpoint-5678


Backbone bert_estor-selfatt-add_crf param is not freeze
Loading features from cached file /mnt/storage/wubinghong.wbh/deepl/torch_ner_new/datasets/ecommerce/cached_crf-dev_bert-base-chinese_512_ecommerce
***** Running evaluation on dev dataset  *****
  Num examples = 499
  Batch size = 24


***** Eval results  *****
 acc: 0.8035 - recall: 0.8359 - f1: 0.8194 - loss: 5.7209 
***** Entity results  *****
******* HC results ********
 acc: 0.8167 - recall: 0.8517 - f1: 0.8339 
******* HP results ********
 acc: 0.7304 - recall: 0.7500 - f1: 0.7401 
Loading features from cached file /mnt/storage/wubinghong.wbh/deepl/torch_ner_new/datasets/ecommerce/cached_crf-test_bert-base-chinese_512_ecommerce
***** Running evaluation on test dataset  *****
  Num examples = 497
  Batch size = 24


***** Eval results  *****
 acc: 0.8271 - recall: 0.8390 - f1: 0.8330 - loss: 5.8065 
***** Entity results  *****
******* HC results ********
 acc: 0.8458 - recall: 0.8589 - f1: 0.8523 
******* HP results ********
 acc: 0.7250 - recall: 0.7311 - f1: 0.7280 
Saving model checkpoint to /mnt/storage/wubinghong.wbh/deepl/torch_ner_new/outputs/ecommerce_output/bert_estor-selfatt-add_crf/checkpoint-5845
Saving optimizer and scheduler states to /mnt/storage/wubinghong.wbh/deepl/torch_ner_new/outputs/ecommerce_output/bert_estor-selfatt-add_crf/checkpoint-5845


Backbone bert_estor-selfatt-add_crf param is not freeze
Loading features from cached file /mnt/storage/wubinghong.wbh/deepl/torch_ner_new/datasets/ecommerce/cached_crf-dev_bert-base-chinese_512_ecommerce
***** Running evaluation on dev dataset  *****
  Num examples = 499
  Batch size = 24


***** Eval results  *****
 acc: 0.8029 - recall: 0.8554 - f1: 0.8283 - loss: 5.6748 
***** Entity results  *****
******* HC results ********
 acc: 0.8138 - recall: 0.8715 - f1: 0.8417 
******* HP results ********
 acc: 0.7414 - recall: 0.7679 - f1: 0.7544 
Loading features from cached file /mnt/storage/wubinghong.wbh/deepl/torch_ner_new/datasets/ecommerce/cached_crf-test_bert-base-chinese_512_ecommerce
***** Running evaluation on test dataset  *****
  Num examples = 497
  Batch size = 24


***** Eval results  *****
 acc: 0.8201 - recall: 0.8534 - f1: 0.8364 - loss: 5.9201 
***** Entity results  *****
******* HC results ********
 acc: 0.8470 - recall: 0.8667 - f1: 0.8567 
******* HP results ********
 acc: 0.6889 - recall: 0.7815 - f1: 0.7323 
Saving model checkpoint to /mnt/storage/wubinghong.wbh/deepl/torch_ner_new/outputs/ecommerce_output/bert_estor-selfatt-add_crf/checkpoint-6012
Saving optimizer and scheduler states to /mnt/storage/wubinghong.wbh/deepl/torch_ner_new/outputs/ecommerce_output/bert_estor-selfatt-add_crf/checkpoint-6012


Backbone bert_estor-selfatt-add_crf param is not freeze
Loading features from cached file /mnt/storage/wubinghong.wbh/deepl/torch_ner_new/datasets/ecommerce/cached_crf-dev_bert-base-chinese_512_ecommerce
***** Running evaluation on dev dataset  *****
  Num examples = 499
  Batch size = 24


***** Eval results  *****
 acc: 0.8042 - recall: 0.8512 - f1: 0.8270 - loss: 6.3258 
***** Entity results  *****
******* HC results ********
 acc: 0.8171 - recall: 0.8682 - f1: 0.8419 
******* HP results ********
 acc: 0.7328 - recall: 0.7589 - f1: 0.7456 
Loading features from cached file /mnt/storage/wubinghong.wbh/deepl/torch_ner_new/datasets/ecommerce/cached_crf-test_bert-base-chinese_512_ecommerce
***** Running evaluation on test dataset  *****
  Num examples = 497
  Batch size = 24


***** Eval results  *****
 acc: 0.8135 - recall: 0.8390 - f1: 0.8260 - loss: 6.6047 
***** Entity results  *****
******* HC results ********
 acc: 0.8381 - recall: 0.8589 - f1: 0.8484 
******* HP results ********
 acc: 0.6850 - recall: 0.7311 - f1: 0.7073 
Saving model checkpoint to /mnt/storage/wubinghong.wbh/deepl/torch_ner_new/outputs/ecommerce_output/bert_estor-selfatt-add_crf/checkpoint-6179
Saving optimizer and scheduler states to /mnt/storage/wubinghong.wbh/deepl/torch_ner_new/outputs/ecommerce_output/bert_estor-selfatt-add_crf/checkpoint-6179


Backbone bert_estor-selfatt-add_crf param is not freeze
Loading features from cached file /mnt/storage/wubinghong.wbh/deepl/torch_ner_new/datasets/ecommerce/cached_crf-dev_bert-base-chinese_512_ecommerce
***** Running evaluation on dev dataset  *****
  Num examples = 499
  Batch size = 24


***** Eval results  *****
 acc: 0.8150 - recall: 0.8456 - f1: 0.8300 - loss: 6.5220 
***** Entity results  *****
******* HC results ********
 acc: 0.8229 - recall: 0.8649 - f1: 0.8434 
******* HP results ********
 acc: 0.7685 - recall: 0.7411 - f1: 0.7545 
Loading features from cached file /mnt/storage/wubinghong.wbh/deepl/torch_ner_new/datasets/ecommerce/cached_crf-test_bert-base-chinese_512_ecommerce
***** Running evaluation on test dataset  *****
  Num examples = 497
  Batch size = 24


***** Eval results  *****
 acc: 0.8314 - recall: 0.8390 - f1: 0.8352 - loss: 6.6946 
***** Entity results  *****
******* HC results ********
 acc: 0.8543 - recall: 0.8636 - f1: 0.8589 
******* HP results ********
 acc: 0.7059 - recall: 0.7059 - f1: 0.7059 
Saving model checkpoint to /mnt/storage/wubinghong.wbh/deepl/torch_ner_new/outputs/ecommerce_output/bert_estor-selfatt-add_crf/checkpoint-6346
Saving optimizer and scheduler states to /mnt/storage/wubinghong.wbh/deepl/torch_ner_new/outputs/ecommerce_output/bert_estor-selfatt-add_crf/checkpoint-6346


Backbone bert_estor-selfatt-add_crf param is not freeze
Loading features from cached file /mnt/storage/wubinghong.wbh/deepl/torch_ner_new/datasets/ecommerce/cached_crf-dev_bert-base-chinese_512_ecommerce
***** Running evaluation on dev dataset  *****
  Num examples = 499
  Batch size = 24


***** Eval results  *****
 acc: 0.8388 - recall: 0.8178 - f1: 0.8282 - loss: 6.9238 
***** Entity results  *****
******* HC results ********
 acc: 0.8455 - recall: 0.8386 - f1: 0.8420 
******* HP results ********
 acc: 0.7980 - recall: 0.7054 - f1: 0.7488 
Loading features from cached file /mnt/storage/wubinghong.wbh/deepl/torch_ner_new/datasets/ecommerce/cached_crf-test_bert-base-chinese_512_ecommerce
***** Running evaluation on test dataset  *****
  Num examples = 497
  Batch size = 24


***** Eval results  *****
 acc: 0.8544 - recall: 0.8220 - f1: 0.8379 - loss: 6.8977 
***** Entity results  *****
******* HC results ********
 acc: 0.8750 - recall: 0.8465 - f1: 0.8605 
******* HP results ********
 acc: 0.7387 - recall: 0.6891 - f1: 0.7130 
Saving model checkpoint to /mnt/storage/wubinghong.wbh/deepl/torch_ner_new/outputs/ecommerce_output/bert_estor-selfatt-add_crf/checkpoint-6513
Saving optimizer and scheduler states to /mnt/storage/wubinghong.wbh/deepl/torch_ner_new/outputs/ecommerce_output/bert_estor-selfatt-add_crf/checkpoint-6513


Backbone bert_estor-selfatt-add_crf param is not freeze
Loading features from cached file /mnt/storage/wubinghong.wbh/deepl/torch_ner_new/datasets/ecommerce/cached_crf-dev_bert-base-chinese_512_ecommerce
***** Running evaluation on dev dataset  *****
  Num examples = 499
  Batch size = 24


***** Eval results  *****
 acc: 0.8067 - recall: 0.8414 - f1: 0.8237 - loss: 7.3422 
***** Entity results  *****
******* HC results ********
 acc: 0.8341 - recall: 0.8534 - f1: 0.8436 
******* HP results ********
 acc: 0.6744 - recall: 0.7768 - f1: 0.7220 
Loading features from cached file /mnt/storage/wubinghong.wbh/deepl/torch_ner_new/datasets/ecommerce/cached_crf-test_bert-base-chinese_512_ecommerce
***** Running evaluation on test dataset  *****
  Num examples = 497
  Batch size = 24


***** Eval results  *****
 acc: 0.8254 - recall: 0.8351 - f1: 0.8302 - loss: 7.2660 
***** Entity results  *****
******* HC results ********
 acc: 0.8547 - recall: 0.8481 - f1: 0.8514 
******* HP results ********
 acc: 0.6842 - recall: 0.7647 - f1: 0.7222 
Saving model checkpoint to /mnt/storage/wubinghong.wbh/deepl/torch_ner_new/outputs/ecommerce_output/bert_estor-selfatt-add_crf/checkpoint-6680
Saving optimizer and scheduler states to /mnt/storage/wubinghong.wbh/deepl/torch_ner_new/outputs/ecommerce_output/bert_estor-selfatt-add_crf/checkpoint-6680


Backbone bert_estor-selfatt-add_crf param is not freeze
Loading features from cached file /mnt/storage/wubinghong.wbh/deepl/torch_ner_new/datasets/ecommerce/cached_crf-dev_bert-base-chinese_512_ecommerce
***** Running evaluation on dev dataset  *****
  Num examples = 499
  Batch size = 24


***** Eval results  *****
 acc: 0.8276 - recall: 0.8414 - f1: 0.8345 - loss: 7.8073 
***** Entity results  *****
******* HC results ********
 acc: 0.8341 - recall: 0.8616 - f1: 0.8476 
******* HP results ********
 acc: 0.7885 - recall: 0.7321 - f1: 0.7593 
Loading features from cached file /mnt/storage/wubinghong.wbh/deepl/torch_ner_new/datasets/ecommerce/cached_crf-test_bert-base-chinese_512_ecommerce
***** Running evaluation on test dataset  *****
  Num examples = 497
  Batch size = 24


***** Eval results  *****
 acc: 0.8368 - recall: 0.8390 - f1: 0.8379 - loss: 7.9383 
***** Entity results  *****
******* HC results ********
 acc: 0.8523 - recall: 0.8589 - f1: 0.8556 
******* HP results ********
 acc: 0.7500 - recall: 0.7311 - f1: 0.7404 
Saving model checkpoint to /mnt/storage/wubinghong.wbh/deepl/torch_ner_new/outputs/ecommerce_output/bert_estor-selfatt-add_crf/checkpoint-6847
Saving optimizer and scheduler states to /mnt/storage/wubinghong.wbh/deepl/torch_ner_new/outputs/ecommerce_output/bert_estor-selfatt-add_crf/checkpoint-6847


Backbone bert_estor-selfatt-add_crf param is not freeze
Loading features from cached file /mnt/storage/wubinghong.wbh/deepl/torch_ner_new/datasets/ecommerce/cached_crf-dev_bert-base-chinese_512_ecommerce
***** Running evaluation on dev dataset  *****
  Num examples = 499
  Batch size = 24


***** Eval results  *****
 acc: 0.8129 - recall: 0.8401 - f1: 0.8263 - loss: 8.0036 
***** Entity results  *****
******* HC results ********
 acc: 0.8280 - recall: 0.8567 - f1: 0.8421 
******* HP results ********
 acc: 0.7304 - recall: 0.7500 - f1: 0.7401 
Loading features from cached file /mnt/storage/wubinghong.wbh/deepl/torch_ner_new/datasets/ecommerce/cached_crf-test_bert-base-chinese_512_ecommerce
***** Running evaluation on test dataset  *****
  Num examples = 497
  Batch size = 24


***** Eval results  *****
 acc: 0.8301 - recall: 0.8508 - f1: 0.8403 - loss: 8.2883 
***** Entity results  *****
******* HC results ********
 acc: 0.8521 - recall: 0.8667 - f1: 0.8593 
******* HP results ********
 acc: 0.7165 - recall: 0.7647 - f1: 0.7398 
Saving model checkpoint to /mnt/storage/wubinghong.wbh/deepl/torch_ner_new/outputs/ecommerce_output/bert_estor-selfatt-add_crf/checkpoint-7014
Saving optimizer and scheduler states to /mnt/storage/wubinghong.wbh/deepl/torch_ner_new/outputs/ecommerce_output/bert_estor-selfatt-add_crf/checkpoint-7014


Backbone bert_estor-selfatt-add_crf param is not freeze
Loading features from cached file /mnt/storage/wubinghong.wbh/deepl/torch_ner_new/datasets/ecommerce/cached_crf-dev_bert-base-chinese_512_ecommerce
***** Running evaluation on dev dataset  *****
  Num examples = 499
  Batch size = 24


***** Eval results  *****
 acc: 0.8145 - recall: 0.8303 - f1: 0.8223 - loss: 8.0139 
***** Entity results  *****
******* HC results ********
 acc: 0.8430 - recall: 0.8402 - f1: 0.8416 
******* HP results ********
 acc: 0.6797 - recall: 0.7768 - f1: 0.7250 
Loading features from cached file /mnt/storage/wubinghong.wbh/deepl/torch_ner_new/datasets/ecommerce/cached_crf-test_bert-base-chinese_512_ecommerce
***** Running evaluation on test dataset  *****
  Num examples = 497
  Batch size = 24


***** Eval results  *****
 acc: 0.8234 - recall: 0.8298 - f1: 0.8266 - loss: 8.0968 
***** Entity results  *****
******* HC results ********
 acc: 0.8576 - recall: 0.8403 - f1: 0.8489 
******* HP results ********
 acc: 0.6667 - recall: 0.7731 - f1: 0.7160 
Saving model checkpoint to /mnt/storage/wubinghong.wbh/deepl/torch_ner_new/outputs/ecommerce_output/bert_estor-selfatt-add_crf/checkpoint-7181
Saving optimizer and scheduler states to /mnt/storage/wubinghong.wbh/deepl/torch_ner_new/outputs/ecommerce_output/bert_estor-selfatt-add_crf/checkpoint-7181


Backbone bert_estor-selfatt-add_crf param is not freeze
Loading features from cached file /mnt/storage/wubinghong.wbh/deepl/torch_ner_new/datasets/ecommerce/cached_crf-dev_bert-base-chinese_512_ecommerce
***** Running evaluation on dev dataset  *****
  Num examples = 499
  Batch size = 24


***** Eval results  *****
 acc: 0.8122 - recall: 0.8359 - f1: 0.8239 - loss: 8.3924 
***** Entity results  *****
******* HC results ********
 acc: 0.8259 - recall: 0.8517 - f1: 0.8386 
******* HP results ********
 acc: 0.7368 - recall: 0.7500 - f1: 0.7434 
Loading features from cached file /mnt/storage/wubinghong.wbh/deepl/torch_ner_new/datasets/ecommerce/cached_crf-test_bert-base-chinese_512_ecommerce
***** Running evaluation on test dataset  *****
  Num examples = 497
  Batch size = 24


***** Eval results  *****
 acc: 0.8267 - recall: 0.8429 - f1: 0.8347 - loss: 8.6487 
***** Entity results  *****
******* HC results ********
 acc: 0.8495 - recall: 0.8574 - f1: 0.8534 
******* HP results ********
 acc: 0.7109 - recall: 0.7647 - f1: 0.7368 
Saving model checkpoint to /mnt/storage/wubinghong.wbh/deepl/torch_ner_new/outputs/ecommerce_output/bert_estor-selfatt-add_crf/checkpoint-7348
Saving optimizer and scheduler states to /mnt/storage/wubinghong.wbh/deepl/torch_ner_new/outputs/ecommerce_output/bert_estor-selfatt-add_crf/checkpoint-7348


Backbone bert_estor-selfatt-add_crf param is not freeze
Loading features from cached file /mnt/storage/wubinghong.wbh/deepl/torch_ner_new/datasets/ecommerce/cached_crf-dev_bert-base-chinese_512_ecommerce
***** Running evaluation on dev dataset  *****
  Num examples = 499
  Batch size = 24


***** Eval results  *****
 acc: 0.8106 - recall: 0.8331 - f1: 0.8217 - loss: 8.8032 
***** Entity results  *****
******* HC results ********
 acc: 0.8152 - recall: 0.8501 - f1: 0.8323 
******* HP results ********
 acc: 0.7830 - recall: 0.7411 - f1: 0.7615 
Loading features from cached file /mnt/storage/wubinghong.wbh/deepl/torch_ner_new/datasets/ecommerce/cached_crf-test_bert-base-chinese_512_ecommerce
***** Running evaluation on test dataset  *****
  Num examples = 497
  Batch size = 24


***** Eval results  *****
 acc: 0.8278 - recall: 0.8429 - f1: 0.8353 - loss: 9.0360 
***** Entity results  *****
******* HC results ********
 acc: 0.8424 - recall: 0.8620 - f1: 0.8521 
******* HP results ********
 acc: 0.7458 - recall: 0.7395 - f1: 0.7426 
Saving model checkpoint to /mnt/storage/wubinghong.wbh/deepl/torch_ner_new/outputs/ecommerce_output/bert_estor-selfatt-add_crf/checkpoint-7515
Saving optimizer and scheduler states to /mnt/storage/wubinghong.wbh/deepl/torch_ner_new/outputs/ecommerce_output/bert_estor-selfatt-add_crf/checkpoint-7515


Backbone bert_estor-selfatt-add_crf param is not freeze
Loading features from cached file /mnt/storage/wubinghong.wbh/deepl/torch_ner_new/datasets/ecommerce/cached_crf-dev_bert-base-chinese_512_ecommerce
***** Running evaluation on dev dataset  *****
  Num examples = 499
  Batch size = 24


***** Eval results  *****
 acc: 0.7961 - recall: 0.8414 - f1: 0.8181 - loss: 9.1152 
***** Entity results  *****
******* HC results ********
 acc: 0.8025 - recall: 0.8567 - f1: 0.8287 
******* HP results ********
 acc: 0.7589 - recall: 0.7589 - f1: 0.7589 
Loading features from cached file /mnt/storage/wubinghong.wbh/deepl/torch_ner_new/datasets/ecommerce/cached_crf-test_bert-base-chinese_512_ecommerce
***** Running evaluation on test dataset  *****
  Num examples = 497
  Batch size = 24


***** Eval results  *****
 acc: 0.8182 - recall: 0.8482 - f1: 0.8329 - loss: 9.2900 
***** Entity results  *****
******* HC results ********
 acc: 0.8376 - recall: 0.8713 - f1: 0.8541 
******* HP results ********
 acc: 0.7107 - recall: 0.7227 - f1: 0.7167 
Saving model checkpoint to /mnt/storage/wubinghong.wbh/deepl/torch_ner_new/outputs/ecommerce_output/bert_estor-selfatt-add_crf/checkpoint-7682
Saving optimizer and scheduler states to /mnt/storage/wubinghong.wbh/deepl/torch_ner_new/outputs/ecommerce_output/bert_estor-selfatt-add_crf/checkpoint-7682


Backbone bert_estor-selfatt-add_crf param is not freeze
Loading features from cached file /mnt/storage/wubinghong.wbh/deepl/torch_ner_new/datasets/ecommerce/cached_crf-dev_bert-base-chinese_512_ecommerce
***** Running evaluation on dev dataset  *****
  Num examples = 499
  Batch size = 24


***** Eval results  *****
 acc: 0.7966 - recall: 0.8442 - f1: 0.8197 - loss: 9.3259 
***** Entity results  *****
******* HC results ********
 acc: 0.8078 - recall: 0.8583 - f1: 0.8323 
******* HP results ********
 acc: 0.7350 - recall: 0.7679 - f1: 0.7511 
Loading features from cached file /mnt/storage/wubinghong.wbh/deepl/torch_ner_new/datasets/ecommerce/cached_crf-test_bert-base-chinese_512_ecommerce
***** Running evaluation on test dataset  *****
  Num examples = 497
  Batch size = 24


***** Eval results  *****
 acc: 0.8170 - recall: 0.8534 - f1: 0.8348 - loss: 9.5697 
***** Entity results  *****
******* HC results ********
 acc: 0.8361 - recall: 0.8698 - f1: 0.8526 
******* HP results ********
 acc: 0.7165 - recall: 0.7647 - f1: 0.7398 
Saving model checkpoint to /mnt/storage/wubinghong.wbh/deepl/torch_ner_new/outputs/ecommerce_output/bert_estor-selfatt-add_crf/checkpoint-7849
Saving optimizer and scheduler states to /mnt/storage/wubinghong.wbh/deepl/torch_ner_new/outputs/ecommerce_output/bert_estor-selfatt-add_crf/checkpoint-7849


Backbone bert_estor-selfatt-add_crf param is not freeze
Loading features from cached file /mnt/storage/wubinghong.wbh/deepl/torch_ner_new/datasets/ecommerce/cached_crf-dev_bert-base-chinese_512_ecommerce
***** Running evaluation on dev dataset  *****
  Num examples = 499
  Batch size = 24


***** Eval results  *****
 acc: 0.8046 - recall: 0.8359 - f1: 0.8199 - loss: 9.2171 
***** Entity results  *****
******* HC results ********
 acc: 0.8188 - recall: 0.8484 - f1: 0.8333 
******* HP results ********
 acc: 0.7288 - recall: 0.7679 - f1: 0.7478 
Loading features from cached file /mnt/storage/wubinghong.wbh/deepl/torch_ner_new/datasets/ecommerce/cached_crf-test_bert-base-chinese_512_ecommerce
***** Running evaluation on test dataset  *****
  Num examples = 497
  Batch size = 24


***** Eval results  *****
 acc: 0.8229 - recall: 0.8455 - f1: 0.8341 - loss: 9.4349 
***** Entity results  *****
******* HC results ********
 acc: 0.8460 - recall: 0.8605 - f1: 0.8532 
******* HP results ********
 acc: 0.7054 - recall: 0.7647 - f1: 0.7339 
Saving model checkpoint to /mnt/storage/wubinghong.wbh/deepl/torch_ner_new/outputs/ecommerce_output/bert_estor-selfatt-add_crf/checkpoint-8016
Saving optimizer and scheduler states to /mnt/storage/wubinghong.wbh/deepl/torch_ner_new/outputs/ecommerce_output/bert_estor-selfatt-add_crf/checkpoint-8016


Backbone bert_estor-selfatt-add_crf param is not freeze
Loading features from cached file /mnt/storage/wubinghong.wbh/deepl/torch_ner_new/datasets/ecommerce/cached_crf-dev_bert-base-chinese_512_ecommerce
***** Running evaluation on dev dataset  *****
  Num examples = 499
  Batch size = 24


***** Eval results  *****
 acc: 0.8228 - recall: 0.8331 - f1: 0.8279 - loss: 9.1362 
***** Entity results  *****
******* HC results ********
 acc: 0.8358 - recall: 0.8468 - f1: 0.8412 
******* HP results ********
 acc: 0.7522 - recall: 0.7589 - f1: 0.7556 
Loading features from cached file /mnt/storage/wubinghong.wbh/deepl/torch_ner_new/datasets/ecommerce/cached_crf-test_bert-base-chinese_512_ecommerce
***** Running evaluation on test dataset  *****
  Num examples = 497
  Batch size = 24


***** Eval results  *****
 acc: 0.8338 - recall: 0.8403 - f1: 0.8370 - loss: 9.4341 
***** Entity results  *****
******* HC results ********
 acc: 0.8505 - recall: 0.8558 - f1: 0.8532 
******* HP results ********
 acc: 0.7438 - recall: 0.7563 - f1: 0.7500 
Saving model checkpoint to /mnt/storage/wubinghong.wbh/deepl/torch_ner_new/outputs/ecommerce_output/bert_estor-selfatt-add_crf/checkpoint-8183
Saving optimizer and scheduler states to /mnt/storage/wubinghong.wbh/deepl/torch_ner_new/outputs/ecommerce_output/bert_estor-selfatt-add_crf/checkpoint-8183


Backbone bert_estor-selfatt-add_crf param is not freeze
Loading features from cached file /mnt/storage/wubinghong.wbh/deepl/torch_ner_new/datasets/ecommerce/cached_crf-dev_bert-base-chinese_512_ecommerce
***** Running evaluation on dev dataset  *****
  Num examples = 499
  Batch size = 24


***** Eval results  *****
 acc: 0.8188 - recall: 0.8359 - f1: 0.8273 - loss: 9.2265 
***** Entity results  *****
******* HC results ********
 acc: 0.8306 - recall: 0.8484 - f1: 0.8394 
******* HP results ********
 acc: 0.7544 - recall: 0.7679 - f1: 0.7611 
Loading features from cached file /mnt/storage/wubinghong.wbh/deepl/torch_ner_new/datasets/ecommerce/cached_crf-test_bert-base-chinese_512_ecommerce
***** Running evaluation on test dataset  *****
  Num examples = 497
  Batch size = 24


***** Eval results  *****
 acc: 0.8305 - recall: 0.8403 - f1: 0.8354 - loss: 9.5110 
***** Entity results  *****
******* HC results ********
 acc: 0.8482 - recall: 0.8574 - f1: 0.8527 
******* HP results ********
 acc: 0.7355 - recall: 0.7479 - f1: 0.7417 
Saving model checkpoint to /mnt/storage/wubinghong.wbh/deepl/torch_ner_new/outputs/ecommerce_output/bert_estor-selfatt-add_crf/checkpoint-8350
Saving optimizer and scheduler states to /mnt/storage/wubinghong.wbh/deepl/torch_ner_new/outputs/ecommerce_output/bert_estor-selfatt-add_crf/checkpoint-8350


 global_step = 8350, average loss = 3.0009349135787526
Saving model checkpoint to /mnt/storage/wubinghong.wbh/deepl/torch_ner_new/outputs/ecommerce_output/bert_estor-selfatt-add_crf
