Process rank: -1, device: cuda, n_gpu: 1, distributed training: False, 16-bits training: False
Training/evaluation parameters Namespace(adam_epsilon=1e-08, adv_epsilon=1.0, adv_name='word_embeddings', backbone='bert_estor-att-add_crf', cache_dir='', config_name='', crf_learning_rate=0.001, data_dir='/mnt/storage/wubinghong.wbh/deepl/torch_ner_new/datasets/ecommerce/', device=device(type='cuda'), do_adv=False, do_eval=False, do_lower_case=True, do_predict=False, do_train=True, enumerate_mode='attention', eval_all_checkpoints=False, eval_max_seq_length=512, evaluate_during_training=False, fp16=False, fp16_opt_level='O1', freeze_backbone_epoch=20, gradient_accumulation_steps=1, id2label={0: 'X', 1: 'B-HC', 2: 'B-HP', 3: 'I-HC', 4: 'I-HP', 5: 'O', 6: 'L-HC', 7: 'L-HP', 8: 'U-HC', 9: 'U-HP', 10: '[START]', 11: '[END]'}, id2tag={0: 'product', 1: 'brand'}, if_add_a_self_attention=True, if_merge_by_add=True, label2id={'X': 0, 'B-HC': 1, 'B-HP': 2, 'I-HC': 3, 'I-HP': 4, 'O': 5, 'L-HC': 6, 'L-HP': 7, 'U-HC': 8, 'U-HP': 9, '[START]': 10, '[END]': 11}, learning_rate=3e-05, local_rank=-1, logging_steps=-1, loss_type='ce', markup='bios', max_grad_norm=1.0, max_steps=-1, model_name_or_path='/mnt/storage/wubinghong.wbh/deepl/torch_ner_new/prev_trained_model/bert-base-chinese', n_gpu=1, no_cuda=False, num_train_epochs=50.0, output_dir='/mnt/storage/wubinghong.wbh/deepl/torch_ner_new/outputs/ecommerce_output/bert_estor-att-add_crf', overwrite_cache=False, overwrite_output_dir=True, per_gpu_eval_batch_size=24, per_gpu_train_batch_size=24, pos_learning_rate=5e-05, predict_checkpoints=0, save_steps=-1, seed=42, tag2id={'product': 0, 'brand': 1}, tagging_rate=1.0, task_name='ecommerce', tokenizer_name='', train_max_seq_length=128, warmup_proportion=0.1, weight_decay=0.01)
Loading features from cached file /mnt/storage/wubinghong.wbh/deepl/torch_ner_new/datasets/ecommerce/cached_crf-train_bert-base-chinese_128_ecommerce
***** Running training *****
  Num examples = 3988
  Num Epochs = 50
  Instantaneous batch size per GPU = 24
  Total train batch size (w. parallel, distributed & accumulation) = 24
  Gradient Accumulation steps = 1
  Total optimization steps = 8350
Backbone bert_estor-att-add_crf param is freeze
Loading features from cached file /mnt/storage/wubinghong.wbh/deepl/torch_ner_new/datasets/ecommerce/cached_crf-dev_bert-base-chinese_512_ecommerce
***** Running evaluation on dev dataset  *****
  Num examples = 499
  Batch size = 24


***** Eval results  *****
 acc: 0.6585 - recall: 0.6008 - f1: 0.6284 - loss: 11.2254 
***** Entity results  *****
******* HC results ********
 acc: 0.6672 - recall: 0.6837 - f1: 0.6753 
******* HP results ********
 acc: 0.5000 - recall: 0.1518 - f1: 0.2329 
Loading features from cached file /mnt/storage/wubinghong.wbh/deepl/torch_ner_new/datasets/ecommerce/cached_crf-test_bert-base-chinese_512_ecommerce
***** Running evaluation on test dataset  *****
  Num examples = 497
  Batch size = 24


***** Eval results  *****
 acc: 0.7093 - recall: 0.6099 - f1: 0.6559 - loss: 11.1128 
***** Entity results  *****
******* HC results ********
 acc: 0.7182 - recall: 0.6992 - f1: 0.7086 
******* HP results ********
 acc: 0.5172 - recall: 0.1261 - f1: 0.2027 
Saving model checkpoint to /mnt/storage/wubinghong.wbh/deepl/torch_ner_new/outputs/ecommerce_output/bert_estor-att-add_crf/checkpoint-167
Saving optimizer and scheduler states to /mnt/storage/wubinghong.wbh/deepl/torch_ner_new/outputs/ecommerce_output/bert_estor-att-add_crf/checkpoint-167


Backbone bert_estor-att-add_crf param is freeze
Loading features from cached file /mnt/storage/wubinghong.wbh/deepl/torch_ner_new/datasets/ecommerce/cached_crf-dev_bert-base-chinese_512_ecommerce
***** Running evaluation on dev dataset  *****
  Num examples = 499
  Batch size = 24


***** Eval results  *****
 acc: 0.6749 - recall: 0.7218 - f1: 0.6976 - loss: 9.0850 
***** Entity results  *****
******* HC results ********
 acc: 0.6987 - recall: 0.7677 - f1: 0.7316 
******* HP results ********
 acc: 0.5196 - recall: 0.4732 - f1: 0.4953 
Loading features from cached file /mnt/storage/wubinghong.wbh/deepl/torch_ner_new/datasets/ecommerce/cached_crf-test_bert-base-chinese_512_ecommerce
***** Running evaluation on test dataset  *****
  Num examples = 497
  Batch size = 24


***** Eval results  *****
 acc: 0.7349 - recall: 0.7474 - f1: 0.7411 - loss: 8.8174 
***** Entity results  *****
******* HC results ********
 acc: 0.7605 - recall: 0.7876 - f1: 0.7738 
******* HP results ********
 acc: 0.5780 - recall: 0.5294 - f1: 0.5526 
Saving model checkpoint to /mnt/storage/wubinghong.wbh/deepl/torch_ner_new/outputs/ecommerce_output/bert_estor-att-add_crf/checkpoint-334
Saving optimizer and scheduler states to /mnt/storage/wubinghong.wbh/deepl/torch_ner_new/outputs/ecommerce_output/bert_estor-att-add_crf/checkpoint-334


Backbone bert_estor-att-add_crf param is freeze
Loading features from cached file /mnt/storage/wubinghong.wbh/deepl/torch_ner_new/datasets/ecommerce/cached_crf-dev_bert-base-chinese_512_ecommerce
***** Running evaluation on dev dataset  *****
  Num examples = 499
  Batch size = 24


***** Eval results  *****
 acc: 0.6503 - recall: 0.7733 - f1: 0.7065 - loss: 8.8830 
***** Entity results  *****
******* HC results ********
 acc: 0.6716 - recall: 0.8188 - f1: 0.7379 
******* HP results ********
 acc: 0.5130 - recall: 0.5268 - f1: 0.5198 
Loading features from cached file /mnt/storage/wubinghong.wbh/deepl/torch_ner_new/datasets/ecommerce/cached_crf-test_bert-base-chinese_512_ecommerce
***** Running evaluation on test dataset  *****
  Num examples = 497
  Batch size = 24


***** Eval results  *****
 acc: 0.7101 - recall: 0.7919 - f1: 0.7488 - loss: 8.4909 
***** Entity results  *****
******* HC results ********
 acc: 0.7359 - recall: 0.8295 - f1: 0.7799 
******* HP results ********
 acc: 0.5600 - recall: 0.5882 - f1: 0.5738 
Saving model checkpoint to /mnt/storage/wubinghong.wbh/deepl/torch_ner_new/outputs/ecommerce_output/bert_estor-att-add_crf/checkpoint-501
Saving optimizer and scheduler states to /mnt/storage/wubinghong.wbh/deepl/torch_ner_new/outputs/ecommerce_output/bert_estor-att-add_crf/checkpoint-501


Backbone bert_estor-att-add_crf param is freeze
Loading features from cached file /mnt/storage/wubinghong.wbh/deepl/torch_ner_new/datasets/ecommerce/cached_crf-dev_bert-base-chinese_512_ecommerce
***** Running evaluation on dev dataset  *****
  Num examples = 499
  Batch size = 24


***** Eval results  *****
 acc: 0.6702 - recall: 0.7830 - f1: 0.7223 - loss: 7.7153 
***** Entity results  *****
******* HC results ********
 acc: 0.6937 - recall: 0.8171 - f1: 0.7504 
******* HP results ********
 acc: 0.5360 - recall: 0.5982 - f1: 0.5654 
Loading features from cached file /mnt/storage/wubinghong.wbh/deepl/torch_ner_new/datasets/ecommerce/cached_crf-test_bert-base-chinese_512_ecommerce
***** Running evaluation on test dataset  *****
  Num examples = 497
  Batch size = 24


***** Eval results  *****
 acc: 0.7344 - recall: 0.8037 - f1: 0.7675 - loss: 7.3778 
***** Entity results  *****
******* HC results ********
 acc: 0.7616 - recall: 0.8372 - f1: 0.7976 
******* HP results ********
 acc: 0.5827 - recall: 0.6218 - f1: 0.6016 
Saving model checkpoint to /mnt/storage/wubinghong.wbh/deepl/torch_ner_new/outputs/ecommerce_output/bert_estor-att-add_crf/checkpoint-668
Saving optimizer and scheduler states to /mnt/storage/wubinghong.wbh/deepl/torch_ner_new/outputs/ecommerce_output/bert_estor-att-add_crf/checkpoint-668


Backbone bert_estor-att-add_crf param is freeze
Loading features from cached file /mnt/storage/wubinghong.wbh/deepl/torch_ner_new/datasets/ecommerce/cached_crf-dev_bert-base-chinese_512_ecommerce
***** Running evaluation on dev dataset  *****
  Num examples = 499
  Batch size = 24


***** Eval results  *****
 acc: 0.6640 - recall: 0.8108 - f1: 0.7301 - loss: 7.1196 
***** Entity results  *****
******* HC results ********
 acc: 0.6805 - recall: 0.8386 - f1: 0.7513 
******* HP results ********
 acc: 0.5692 - recall: 0.6607 - f1: 0.6116 
Loading features from cached file /mnt/storage/wubinghong.wbh/deepl/torch_ner_new/datasets/ecommerce/cached_crf-test_bert-base-chinese_512_ecommerce
***** Running evaluation on test dataset  *****
  Num examples = 497
  Batch size = 24


***** Eval results  *****
 acc: 0.7189 - recall: 0.8168 - f1: 0.7647 - loss: 6.7638 
***** Entity results  *****
******* HC results ********
 acc: 0.7483 - recall: 0.8527 - f1: 0.7971 
******* HP results ********
 acc: 0.5564 - recall: 0.6218 - f1: 0.5873 
Saving model checkpoint to /mnt/storage/wubinghong.wbh/deepl/torch_ner_new/outputs/ecommerce_output/bert_estor-att-add_crf/checkpoint-835
Saving optimizer and scheduler states to /mnt/storage/wubinghong.wbh/deepl/torch_ner_new/outputs/ecommerce_output/bert_estor-att-add_crf/checkpoint-835


Backbone bert_estor-att-add_crf param is freeze
Loading features from cached file /mnt/storage/wubinghong.wbh/deepl/torch_ner_new/datasets/ecommerce/cached_crf-dev_bert-base-chinese_512_ecommerce
***** Running evaluation on dev dataset  *****
  Num examples = 499
  Batch size = 24


***** Eval results  *****
 acc: 0.6785 - recall: 0.8220 - f1: 0.7434 - loss: 6.7864 
***** Entity results  *****
******* HC results ********
 acc: 0.7086 - recall: 0.8451 - f1: 0.7708 
******* HP results ********
 acc: 0.5306 - recall: 0.6964 - f1: 0.6023 
Loading features from cached file /mnt/storage/wubinghong.wbh/deepl/torch_ner_new/datasets/ecommerce/cached_crf-test_bert-base-chinese_512_ecommerce
***** Running evaluation on test dataset  *****
  Num examples = 497
  Batch size = 24


***** Eval results  *****
 acc: 0.7249 - recall: 0.8416 - f1: 0.7789 - loss: 6.4170 
***** Entity results  *****
******* HC results ********
 acc: 0.7537 - recall: 0.8636 - f1: 0.8049 
******* HP results ********
 acc: 0.5811 - recall: 0.7227 - f1: 0.6442 
Saving model checkpoint to /mnt/storage/wubinghong.wbh/deepl/torch_ner_new/outputs/ecommerce_output/bert_estor-att-add_crf/checkpoint-1002
Saving optimizer and scheduler states to /mnt/storage/wubinghong.wbh/deepl/torch_ner_new/outputs/ecommerce_output/bert_estor-att-add_crf/checkpoint-1002


Backbone bert_estor-att-add_crf param is freeze
Loading features from cached file /mnt/storage/wubinghong.wbh/deepl/torch_ner_new/datasets/ecommerce/cached_crf-dev_bert-base-chinese_512_ecommerce
***** Running evaluation on dev dataset  *****
  Num examples = 499
  Batch size = 24


***** Eval results  *****
 acc: 0.7662 - recall: 0.7747 - f1: 0.7704 - loss: 5.5386 
***** Entity results  *****
******* HC results ********
 acc: 0.7957 - recall: 0.7957 - f1: 0.7957 
******* HP results ********
 acc: 0.6167 - recall: 0.6607 - f1: 0.6379 
Loading features from cached file /mnt/storage/wubinghong.wbh/deepl/torch_ner_new/datasets/ecommerce/cached_crf-test_bert-base-chinese_512_ecommerce
***** Running evaluation on test dataset  *****
  Num examples = 497
  Batch size = 24


***** Eval results  *****
 acc: 0.8123 - recall: 0.7984 - f1: 0.8053 - loss: 5.3537 
***** Entity results  *****
******* HC results ********
 acc: 0.8408 - recall: 0.8186 - f1: 0.8295 
******* HP results ********
 acc: 0.6667 - recall: 0.6891 - f1: 0.6777 
Saving model checkpoint to /mnt/storage/wubinghong.wbh/deepl/torch_ner_new/outputs/ecommerce_output/bert_estor-att-add_crf/checkpoint-1169
Saving optimizer and scheduler states to /mnt/storage/wubinghong.wbh/deepl/torch_ner_new/outputs/ecommerce_output/bert_estor-att-add_crf/checkpoint-1169


Backbone bert_estor-att-add_crf param is freeze
Loading features from cached file /mnt/storage/wubinghong.wbh/deepl/torch_ner_new/datasets/ecommerce/cached_crf-dev_bert-base-chinese_512_ecommerce
***** Running evaluation on dev dataset  *****
  Num examples = 499
  Batch size = 24


***** Eval results  *****
 acc: 0.7073 - recall: 0.8234 - f1: 0.7609 - loss: 5.5316 
***** Entity results  *****
******* HC results ********
 acc: 0.7305 - recall: 0.8484 - f1: 0.7851 
******* HP results ********
 acc: 0.5833 - recall: 0.6875 - f1: 0.6311 
Loading features from cached file /mnt/storage/wubinghong.wbh/deepl/torch_ner_new/datasets/ecommerce/cached_crf-test_bert-base-chinese_512_ecommerce
***** Running evaluation on test dataset  *****
  Num examples = 497
  Batch size = 24


***** Eval results  *****
 acc: 0.7655 - recall: 0.8416 - f1: 0.8017 - loss: 5.2863 
***** Entity results  *****
******* HC results ********
 acc: 0.7898 - recall: 0.8620 - f1: 0.8243 
******* HP results ********
 acc: 0.6397 - recall: 0.7311 - f1: 0.6824 
Saving model checkpoint to /mnt/storage/wubinghong.wbh/deepl/torch_ner_new/outputs/ecommerce_output/bert_estor-att-add_crf/checkpoint-1336
Saving optimizer and scheduler states to /mnt/storage/wubinghong.wbh/deepl/torch_ner_new/outputs/ecommerce_output/bert_estor-att-add_crf/checkpoint-1336


Backbone bert_estor-att-add_crf param is freeze
Loading features from cached file /mnt/storage/wubinghong.wbh/deepl/torch_ner_new/datasets/ecommerce/cached_crf-dev_bert-base-chinese_512_ecommerce
***** Running evaluation on dev dataset  *****
  Num examples = 499
  Batch size = 24


***** Eval results  *****
 acc: 0.7355 - recall: 0.8122 - f1: 0.7720 - loss: 5.0705 
***** Entity results  *****
******* HC results ********
 acc: 0.7564 - recall: 0.8336 - f1: 0.7931 
******* HP results ********
 acc: 0.6240 - recall: 0.6964 - f1: 0.6582 
Loading features from cached file /mnt/storage/wubinghong.wbh/deepl/torch_ner_new/datasets/ecommerce/cached_crf-test_bert-base-chinese_512_ecommerce
***** Running evaluation on test dataset  *****
  Num examples = 497
  Batch size = 24


***** Eval results  *****
 acc: 0.7793 - recall: 0.8272 - f1: 0.8025 - loss: 4.9272 
***** Entity results  *****
******* HC results ********
 acc: 0.8059 - recall: 0.8496 - f1: 0.8272 
******* HP results ********
 acc: 0.6412 - recall: 0.7059 - f1: 0.6720 
Saving model checkpoint to /mnt/storage/wubinghong.wbh/deepl/torch_ner_new/outputs/ecommerce_output/bert_estor-att-add_crf/checkpoint-1503
Saving optimizer and scheduler states to /mnt/storage/wubinghong.wbh/deepl/torch_ner_new/outputs/ecommerce_output/bert_estor-att-add_crf/checkpoint-1503


Backbone bert_estor-att-add_crf param is freeze
Loading features from cached file /mnt/storage/wubinghong.wbh/deepl/torch_ner_new/datasets/ecommerce/cached_crf-dev_bert-base-chinese_512_ecommerce
***** Running evaluation on dev dataset  *****
  Num examples = 499
  Batch size = 24


***** Eval results  *****
 acc: 0.7230 - recall: 0.8206 - f1: 0.7687 - loss: 5.0993 
***** Entity results  *****
******* HC results ********
 acc: 0.7489 - recall: 0.8353 - f1: 0.7897 
******* HP results ********
 acc: 0.5971 - recall: 0.7411 - f1: 0.6614 
Loading features from cached file /mnt/storage/wubinghong.wbh/deepl/torch_ner_new/datasets/ecommerce/cached_crf-test_bert-base-chinese_512_ecommerce
***** Running evaluation on test dataset  *****
  Num examples = 497
  Batch size = 24


***** Eval results  *****
 acc: 0.7670 - recall: 0.8403 - f1: 0.8020 - loss: 4.9215 
***** Entity results  *****
******* HC results ********
 acc: 0.8052 - recall: 0.8589 - f1: 0.8312 
******* HP results ********
 acc: 0.5906 - recall: 0.7395 - f1: 0.6567 
Saving model checkpoint to /mnt/storage/wubinghong.wbh/deepl/torch_ner_new/outputs/ecommerce_output/bert_estor-att-add_crf/checkpoint-1670
Saving optimizer and scheduler states to /mnt/storage/wubinghong.wbh/deepl/torch_ner_new/outputs/ecommerce_output/bert_estor-att-add_crf/checkpoint-1670


Backbone bert_estor-att-add_crf param is freeze
Loading features from cached file /mnt/storage/wubinghong.wbh/deepl/torch_ner_new/datasets/ecommerce/cached_crf-dev_bert-base-chinese_512_ecommerce
***** Running evaluation on dev dataset  *****
  Num examples = 499
  Batch size = 24


***** Eval results  *****
 acc: 0.7270 - recall: 0.8150 - f1: 0.7685 - loss: 4.6999 
***** Entity results  *****
******* HC results ********
 acc: 0.7489 - recall: 0.8353 - f1: 0.7897 
******* HP results ********
 acc: 0.6124 - recall: 0.7054 - f1: 0.6556 
Loading features from cached file /mnt/storage/wubinghong.wbh/deepl/torch_ner_new/datasets/ecommerce/cached_crf-test_bert-base-chinese_512_ecommerce
***** Running evaluation on test dataset  *****
  Num examples = 497
  Batch size = 24


***** Eval results  *****
 acc: 0.7772 - recall: 0.8403 - f1: 0.8075 - loss: 4.5278 
***** Entity results  *****
******* HC results ********
 acc: 0.8079 - recall: 0.8605 - f1: 0.8333 
******* HP results ********
 acc: 0.6259 - recall: 0.7311 - f1: 0.6744 
Saving model checkpoint to /mnt/storage/wubinghong.wbh/deepl/torch_ner_new/outputs/ecommerce_output/bert_estor-att-add_crf/checkpoint-1837
Saving optimizer and scheduler states to /mnt/storage/wubinghong.wbh/deepl/torch_ner_new/outputs/ecommerce_output/bert_estor-att-add_crf/checkpoint-1837


Backbone bert_estor-att-add_crf param is freeze
Loading features from cached file /mnt/storage/wubinghong.wbh/deepl/torch_ner_new/datasets/ecommerce/cached_crf-dev_bert-base-chinese_512_ecommerce
***** Running evaluation on dev dataset  *****
  Num examples = 499
  Batch size = 24


***** Eval results  *****
 acc: 0.7500 - recall: 0.8136 - f1: 0.7805 - loss: 4.6561 
***** Entity results  *****
******* HC results ********
 acc: 0.7959 - recall: 0.8287 - f1: 0.8119 
******* HP results ********
 acc: 0.5541 - recall: 0.7321 - f1: 0.6308 
Loading features from cached file /mnt/storage/wubinghong.wbh/deepl/torch_ner_new/datasets/ecommerce/cached_crf-test_bert-base-chinese_512_ecommerce
***** Running evaluation on test dataset  *****
  Num examples = 497
  Batch size = 24


***** Eval results  *****
 acc: 0.7837 - recall: 0.8298 - f1: 0.8061 - loss: 4.5045 
***** Entity results  *****
******* HC results ********
 acc: 0.8372 - recall: 0.8450 - f1: 0.8410 
******* HP results ********
 acc: 0.5633 - recall: 0.7479 - f1: 0.6426 
Saving model checkpoint to /mnt/storage/wubinghong.wbh/deepl/torch_ner_new/outputs/ecommerce_output/bert_estor-att-add_crf/checkpoint-2004
Saving optimizer and scheduler states to /mnt/storage/wubinghong.wbh/deepl/torch_ner_new/outputs/ecommerce_output/bert_estor-att-add_crf/checkpoint-2004


Backbone bert_estor-att-add_crf param is freeze
Loading features from cached file /mnt/storage/wubinghong.wbh/deepl/torch_ner_new/datasets/ecommerce/cached_crf-dev_bert-base-chinese_512_ecommerce
***** Running evaluation on dev dataset  *****
  Num examples = 499
  Batch size = 24


***** Eval results  *****
 acc: 0.7206 - recall: 0.8359 - f1: 0.7740 - loss: 4.7300 
***** Entity results  *****
******* HC results ********
 acc: 0.7581 - recall: 0.8517 - f1: 0.8022 
******* HP results ********
 acc: 0.5526 - recall: 0.7500 - f1: 0.6364 
Loading features from cached file /mnt/storage/wubinghong.wbh/deepl/torch_ner_new/datasets/ecommerce/cached_crf-test_bert-base-chinese_512_ecommerce
***** Running evaluation on test dataset  *****
  Num examples = 497
  Batch size = 24


***** Eval results  *****
 acc: 0.7639 - recall: 0.8429 - f1: 0.8015 - loss: 4.5143 
***** Entity results  *****
******* HC results ********
 acc: 0.8082 - recall: 0.8558 - f1: 0.8313 
******* HP results ********
 acc: 0.5750 - recall: 0.7731 - f1: 0.6595 
Saving model checkpoint to /mnt/storage/wubinghong.wbh/deepl/torch_ner_new/outputs/ecommerce_output/bert_estor-att-add_crf/checkpoint-2171
Saving optimizer and scheduler states to /mnt/storage/wubinghong.wbh/deepl/torch_ner_new/outputs/ecommerce_output/bert_estor-att-add_crf/checkpoint-2171


Backbone bert_estor-att-add_crf param is freeze
Loading features from cached file /mnt/storage/wubinghong.wbh/deepl/torch_ner_new/datasets/ecommerce/cached_crf-dev_bert-base-chinese_512_ecommerce
***** Running evaluation on dev dataset  *****
  Num examples = 499
  Batch size = 24


***** Eval results  *****
 acc: 0.7287 - recall: 0.8331 - f1: 0.7774 - loss: 4.5353 
***** Entity results  *****
******* HC results ********
 acc: 0.7574 - recall: 0.8484 - f1: 0.8003 
******* HP results ********
 acc: 0.5915 - recall: 0.7500 - f1: 0.6614 
Loading features from cached file /mnt/storage/wubinghong.wbh/deepl/torch_ner_new/datasets/ecommerce/cached_crf-test_bert-base-chinese_512_ecommerce
***** Running evaluation on test dataset  *****
  Num examples = 497
  Batch size = 24


***** Eval results  *****
 acc: 0.7666 - recall: 0.8469 - f1: 0.8047 - loss: 4.3695 
***** Entity results  *****
******* HC results ********
 acc: 0.7989 - recall: 0.8620 - f1: 0.8292 
******* HP results ********
 acc: 0.6149 - recall: 0.7647 - f1: 0.6816 
Saving model checkpoint to /mnt/storage/wubinghong.wbh/deepl/torch_ner_new/outputs/ecommerce_output/bert_estor-att-add_crf/checkpoint-2338
Saving optimizer and scheduler states to /mnt/storage/wubinghong.wbh/deepl/torch_ner_new/outputs/ecommerce_output/bert_estor-att-add_crf/checkpoint-2338


Backbone bert_estor-att-add_crf param is freeze
Loading features from cached file /mnt/storage/wubinghong.wbh/deepl/torch_ner_new/datasets/ecommerce/cached_crf-dev_bert-base-chinese_512_ecommerce
***** Running evaluation on dev dataset  *****
  Num examples = 499
  Batch size = 24


***** Eval results  *****
 acc: 0.7051 - recall: 0.8512 - f1: 0.7713 - loss: 4.7708 
***** Entity results  *****
******* HC results ********
 acc: 0.7299 - recall: 0.8682 - f1: 0.7931 
******* HP results ********
 acc: 0.5822 - recall: 0.7589 - f1: 0.6589 
Loading features from cached file /mnt/storage/wubinghong.wbh/deepl/torch_ner_new/datasets/ecommerce/cached_crf-test_bert-base-chinese_512_ecommerce
***** Running evaluation on test dataset  *****
  Num examples = 497
  Batch size = 24


***** Eval results  *****
 acc: 0.7344 - recall: 0.8613 - f1: 0.7928 - loss: 4.6560 
***** Entity results  *****
******* HC results ********
 acc: 0.7577 - recall: 0.8775 - f1: 0.8132 
******* HP results ********
 acc: 0.6174 - recall: 0.7731 - f1: 0.6866 
Saving model checkpoint to /mnt/storage/wubinghong.wbh/deepl/torch_ner_new/outputs/ecommerce_output/bert_estor-att-add_crf/checkpoint-2505
Saving optimizer and scheduler states to /mnt/storage/wubinghong.wbh/deepl/torch_ner_new/outputs/ecommerce_output/bert_estor-att-add_crf/checkpoint-2505


Backbone bert_estor-att-add_crf param is freeze
Loading features from cached file /mnt/storage/wubinghong.wbh/deepl/torch_ner_new/datasets/ecommerce/cached_crf-dev_bert-base-chinese_512_ecommerce
***** Running evaluation on dev dataset  *****
  Num examples = 499
  Batch size = 24


***** Eval results  *****
 acc: 0.7244 - recall: 0.8261 - f1: 0.7719 - loss: 4.4416 
***** Entity results  *****
******* HC results ********
 acc: 0.7552 - recall: 0.8435 - f1: 0.7969 
******* HP results ********
 acc: 0.5775 - recall: 0.7321 - f1: 0.6457 
Loading features from cached file /mnt/storage/wubinghong.wbh/deepl/torch_ner_new/datasets/ecommerce/cached_crf-test_bert-base-chinese_512_ecommerce
***** Running evaluation on test dataset  *****
  Num examples = 497
  Batch size = 24


***** Eval results  *****
 acc: 0.7730 - recall: 0.8469 - f1: 0.8082 - loss: 4.3399 
***** Entity results  *****
******* HC results ********
 acc: 0.8026 - recall: 0.8636 - f1: 0.8320 
******* HP results ********
 acc: 0.6294 - recall: 0.7563 - f1: 0.6870 
Saving model checkpoint to /mnt/storage/wubinghong.wbh/deepl/torch_ner_new/outputs/ecommerce_output/bert_estor-att-add_crf/checkpoint-2672
Saving optimizer and scheduler states to /mnt/storage/wubinghong.wbh/deepl/torch_ner_new/outputs/ecommerce_output/bert_estor-att-add_crf/checkpoint-2672


Backbone bert_estor-att-add_crf param is freeze
Loading features from cached file /mnt/storage/wubinghong.wbh/deepl/torch_ner_new/datasets/ecommerce/cached_crf-dev_bert-base-chinese_512_ecommerce
***** Running evaluation on dev dataset  *****
  Num examples = 499
  Batch size = 24


***** Eval results  *****
 acc: 0.7544 - recall: 0.8289 - f1: 0.7899 - loss: 4.1369 
***** Entity results  *****
******* HC results ********
 acc: 0.7841 - recall: 0.8435 - f1: 0.8127 
******* HP results ********
 acc: 0.6131 - recall: 0.7500 - f1: 0.6747 
Loading features from cached file /mnt/storage/wubinghong.wbh/deepl/torch_ner_new/datasets/ecommerce/cached_crf-test_bert-base-chinese_512_ecommerce
***** Running evaluation on test dataset  *****
  Num examples = 497
  Batch size = 24


***** Eval results  *****
 acc: 0.7855 - recall: 0.8338 - f1: 0.8089 - loss: 4.0933 
***** Entity results  *****
******* HC results ********
 acc: 0.8216 - recall: 0.8496 - f1: 0.8354 
******* HP results ********
 acc: 0.6181 - recall: 0.7479 - f1: 0.6768 
Saving model checkpoint to /mnt/storage/wubinghong.wbh/deepl/torch_ner_new/outputs/ecommerce_output/bert_estor-att-add_crf/checkpoint-2839
Saving optimizer and scheduler states to /mnt/storage/wubinghong.wbh/deepl/torch_ner_new/outputs/ecommerce_output/bert_estor-att-add_crf/checkpoint-2839


Backbone bert_estor-att-add_crf param is freeze
Loading features from cached file /mnt/storage/wubinghong.wbh/deepl/torch_ner_new/datasets/ecommerce/cached_crf-dev_bert-base-chinese_512_ecommerce
***** Running evaluation on dev dataset  *****
  Num examples = 499
  Batch size = 24


***** Eval results  *****
 acc: 0.6631 - recall: 0.8567 - f1: 0.7476 - loss: 5.1152 
***** Entity results  *****
******* HC results ********
 acc: 0.7044 - recall: 0.8715 - f1: 0.7791 
******* HP results ********
 acc: 0.4888 - recall: 0.7768 - f1: 0.6000 
Loading features from cached file /mnt/storage/wubinghong.wbh/deepl/torch_ner_new/datasets/ecommerce/cached_crf-test_bert-base-chinese_512_ecommerce
***** Running evaluation on test dataset  *****
  Num examples = 497
  Batch size = 24


***** Eval results  *****
 acc: 0.6974 - recall: 0.8717 - f1: 0.7749 - loss: 4.9136 
***** Entity results  *****
******* HC results ********
 acc: 0.7416 - recall: 0.8853 - f1: 0.8071 
******* HP results ********
 acc: 0.5135 - recall: 0.7983 - f1: 0.6250 
Saving model checkpoint to /mnt/storage/wubinghong.wbh/deepl/torch_ner_new/outputs/ecommerce_output/bert_estor-att-add_crf/checkpoint-3006
Saving optimizer and scheduler states to /mnt/storage/wubinghong.wbh/deepl/torch_ner_new/outputs/ecommerce_output/bert_estor-att-add_crf/checkpoint-3006


Backbone bert_estor-att-add_crf param is freeze
Loading features from cached file /mnt/storage/wubinghong.wbh/deepl/torch_ner_new/datasets/ecommerce/cached_crf-dev_bert-base-chinese_512_ecommerce
***** Running evaluation on dev dataset  *****
  Num examples = 499
  Batch size = 24


***** Eval results  *****
 acc: 0.7431 - recall: 0.8289 - f1: 0.7837 - loss: 4.1303 
***** Entity results  *****
******* HC results ********
 acc: 0.7810 - recall: 0.8402 - f1: 0.8095 
******* HP results ********
 acc: 0.5772 - recall: 0.7679 - f1: 0.6590 
Loading features from cached file /mnt/storage/wubinghong.wbh/deepl/torch_ner_new/datasets/ecommerce/cached_crf-test_bert-base-chinese_512_ecommerce
***** Running evaluation on test dataset  *****
  Num examples = 497
  Batch size = 24


***** Eval results  *****
 acc: 0.7748 - recall: 0.8377 - f1: 0.8050 - loss: 4.0252 
***** Entity results  *****
******* HC results ********
 acc: 0.8121 - recall: 0.8512 - f1: 0.8312 
******* HP results ********
 acc: 0.6067 - recall: 0.7647 - f1: 0.6766 
Saving model checkpoint to /mnt/storage/wubinghong.wbh/deepl/torch_ner_new/outputs/ecommerce_output/bert_estor-att-add_crf/checkpoint-3173
Saving optimizer and scheduler states to /mnt/storage/wubinghong.wbh/deepl/torch_ner_new/outputs/ecommerce_output/bert_estor-att-add_crf/checkpoint-3173


Backbone bert_estor-att-add_crf param is freeze
Loading features from cached file /mnt/storage/wubinghong.wbh/deepl/torch_ner_new/datasets/ecommerce/cached_crf-dev_bert-base-chinese_512_ecommerce
***** Running evaluation on dev dataset  *****
  Num examples = 499
  Batch size = 24


***** Eval results  *****
 acc: 0.7475 - recall: 0.8192 - f1: 0.7817 - loss: 3.9714 
***** Entity results  *****
******* HC results ********
 acc: 0.7768 - recall: 0.8369 - f1: 0.8057 
******* HP results ********
 acc: 0.6045 - recall: 0.7232 - f1: 0.6585 
Loading features from cached file /mnt/storage/wubinghong.wbh/deepl/torch_ner_new/datasets/ecommerce/cached_crf-test_bert-base-chinese_512_ecommerce
***** Running evaluation on test dataset  *****
  Num examples = 497
  Batch size = 24


***** Eval results  *****
 acc: 0.7725 - recall: 0.8312 - f1: 0.8008 - loss: 3.9167 
***** Entity results  *****
******* HC results ********
 acc: 0.8024 - recall: 0.8434 - f1: 0.8224 
******* HP results ********
 acc: 0.6319 - recall: 0.7647 - f1: 0.6920 
Saving model checkpoint to /mnt/storage/wubinghong.wbh/deepl/torch_ner_new/outputs/ecommerce_output/bert_estor-att-add_crf/checkpoint-3340
Saving optimizer and scheduler states to /mnt/storage/wubinghong.wbh/deepl/torch_ner_new/outputs/ecommerce_output/bert_estor-att-add_crf/checkpoint-3340


Backbone bert_estor-att-add_crf param is not freeze
Loading features from cached file /mnt/storage/wubinghong.wbh/deepl/torch_ner_new/datasets/ecommerce/cached_crf-dev_bert-base-chinese_512_ecommerce
***** Running evaluation on dev dataset  *****
  Num examples = 499
  Batch size = 24


***** Eval results  *****
 acc: 0.7812 - recall: 0.8345 - f1: 0.8070 - loss: 3.8878 
***** Entity results  *****
******* HC results ********
 acc: 0.8203 - recall: 0.8501 - f1: 0.8350 
******* HP results ********
 acc: 0.6043 - recall: 0.7500 - f1: 0.6693 
Loading features from cached file /mnt/storage/wubinghong.wbh/deepl/torch_ner_new/datasets/ecommerce/cached_crf-test_bert-base-chinese_512_ecommerce
***** Running evaluation on test dataset  *****
  Num examples = 497
  Batch size = 24


***** Eval results  *****
 acc: 0.7927 - recall: 0.8508 - f1: 0.8207 - loss: 3.8359 
***** Entity results  *****
******* HC results ********
 acc: 0.8306 - recall: 0.8667 - f1: 0.8483 
******* HP results ********
 acc: 0.6190 - recall: 0.7647 - f1: 0.6842 
Saving model checkpoint to /mnt/storage/wubinghong.wbh/deepl/torch_ner_new/outputs/ecommerce_output/bert_estor-att-add_crf/checkpoint-3507
Saving optimizer and scheduler states to /mnt/storage/wubinghong.wbh/deepl/torch_ner_new/outputs/ecommerce_output/bert_estor-att-add_crf/checkpoint-3507


Backbone bert_estor-att-add_crf param is not freeze
Loading features from cached file /mnt/storage/wubinghong.wbh/deepl/torch_ner_new/datasets/ecommerce/cached_crf-dev_bert-base-chinese_512_ecommerce
***** Running evaluation on dev dataset  *****
  Num examples = 499
  Batch size = 24


***** Eval results  *****
 acc: 0.7443 - recall: 0.8623 - f1: 0.7990 - loss: 3.8365 
***** Entity results  *****
******* HC results ********
 acc: 0.7610 - recall: 0.8863 - f1: 0.8189 
******* HP results ********
 acc: 0.6508 - recall: 0.7321 - f1: 0.6891 
Loading features from cached file /mnt/storage/wubinghong.wbh/deepl/torch_ner_new/datasets/ecommerce/cached_crf-test_bert-base-chinese_512_ecommerce
***** Running evaluation on test dataset  *****
  Num examples = 497
  Batch size = 24


***** Eval results  *****
 acc: 0.7549 - recall: 0.8586 - f1: 0.8034 - loss: 3.9206 
***** Entity results  *****
******* HC results ********
 acc: 0.7711 - recall: 0.8775 - f1: 0.8209 
******* HP results ********
 acc: 0.6667 - recall: 0.7563 - f1: 0.7087 
Saving model checkpoint to /mnt/storage/wubinghong.wbh/deepl/torch_ner_new/outputs/ecommerce_output/bert_estor-att-add_crf/checkpoint-3674
Saving optimizer and scheduler states to /mnt/storage/wubinghong.wbh/deepl/torch_ner_new/outputs/ecommerce_output/bert_estor-att-add_crf/checkpoint-3674


Backbone bert_estor-att-add_crf param is not freeze
Loading features from cached file /mnt/storage/wubinghong.wbh/deepl/torch_ner_new/datasets/ecommerce/cached_crf-dev_bert-base-chinese_512_ecommerce
***** Running evaluation on dev dataset  *****
  Num examples = 499
  Batch size = 24


***** Eval results  *****
 acc: 0.7728 - recall: 0.8470 - f1: 0.8082 - loss: 3.9764 
***** Entity results  *****
******* HC results ********
 acc: 0.8123 - recall: 0.8699 - f1: 0.8401 
******* HP results ********
 acc: 0.5870 - recall: 0.7232 - f1: 0.6480 
Loading features from cached file /mnt/storage/wubinghong.wbh/deepl/torch_ner_new/datasets/ecommerce/cached_crf-test_bert-base-chinese_512_ecommerce
***** Running evaluation on test dataset  *****
  Num examples = 497
  Batch size = 24


***** Eval results  *****
 acc: 0.7838 - recall: 0.8495 - f1: 0.8153 - loss: 4.0059 
***** Entity results  *****
******* HC results ********
 acc: 0.8184 - recall: 0.8667 - f1: 0.8419 
******* HP results ********
 acc: 0.6207 - recall: 0.7563 - f1: 0.6818 
Saving model checkpoint to /mnt/storage/wubinghong.wbh/deepl/torch_ner_new/outputs/ecommerce_output/bert_estor-att-add_crf/checkpoint-3841
Saving optimizer and scheduler states to /mnt/storage/wubinghong.wbh/deepl/torch_ner_new/outputs/ecommerce_output/bert_estor-att-add_crf/checkpoint-3841


Backbone bert_estor-att-add_crf param is not freeze
Loading features from cached file /mnt/storage/wubinghong.wbh/deepl/torch_ner_new/datasets/ecommerce/cached_crf-dev_bert-base-chinese_512_ecommerce
***** Running evaluation on dev dataset  *****
  Num examples = 499
  Batch size = 24


***** Eval results  *****
 acc: 0.7868 - recall: 0.8261 - f1: 0.8060 - loss: 4.0830 
***** Entity results  *****
******* HC results ********
 acc: 0.7885 - recall: 0.8600 - f1: 0.8227 
******* HP results ********
 acc: 0.7742 - recall: 0.6429 - f1: 0.7024 
Loading features from cached file /mnt/storage/wubinghong.wbh/deepl/torch_ner_new/datasets/ecommerce/cached_crf-test_bert-base-chinese_512_ecommerce
***** Running evaluation on test dataset  *****
  Num examples = 497
  Batch size = 24


***** Eval results  *****
 acc: 0.8153 - recall: 0.8495 - f1: 0.8321 - loss: 3.8966 
***** Entity results  *****
******* HC results ********
 acc: 0.8205 - recall: 0.8791 - f1: 0.8488 
******* HP results ********
 acc: 0.7810 - recall: 0.6891 - f1: 0.7321 
Saving model checkpoint to /mnt/storage/wubinghong.wbh/deepl/torch_ner_new/outputs/ecommerce_output/bert_estor-att-add_crf/checkpoint-4008
Saving optimizer and scheduler states to /mnt/storage/wubinghong.wbh/deepl/torch_ner_new/outputs/ecommerce_output/bert_estor-att-add_crf/checkpoint-4008


Backbone bert_estor-att-add_crf param is not freeze
Loading features from cached file /mnt/storage/wubinghong.wbh/deepl/torch_ner_new/datasets/ecommerce/cached_crf-dev_bert-base-chinese_512_ecommerce
***** Running evaluation on dev dataset  *****
  Num examples = 499
  Batch size = 24


***** Eval results  *****
 acc: 0.8230 - recall: 0.8470 - f1: 0.8348 - loss: 3.9073 
***** Entity results  *****
******* HC results ********
 acc: 0.8381 - recall: 0.8616 - f1: 0.8497 
******* HP results ********
 acc: 0.7414 - recall: 0.7679 - f1: 0.7544 
Loading features from cached file /mnt/storage/wubinghong.wbh/deepl/torch_ner_new/datasets/ecommerce/cached_crf-test_bert-base-chinese_512_ecommerce
***** Running evaluation on test dataset  *****
  Num examples = 497
  Batch size = 24


***** Eval results  *****
 acc: 0.8224 - recall: 0.8364 - f1: 0.8293 - loss: 4.0406 
***** Entity results  *****
******* HC results ********
 acc: 0.8402 - recall: 0.8558 - f1: 0.8479 
******* HP results ********
 acc: 0.7250 - recall: 0.7311 - f1: 0.7280 
Saving model checkpoint to /mnt/storage/wubinghong.wbh/deepl/torch_ner_new/outputs/ecommerce_output/bert_estor-att-add_crf/checkpoint-4175
Saving optimizer and scheduler states to /mnt/storage/wubinghong.wbh/deepl/torch_ner_new/outputs/ecommerce_output/bert_estor-att-add_crf/checkpoint-4175


Backbone bert_estor-att-add_crf param is not freeze
Loading features from cached file /mnt/storage/wubinghong.wbh/deepl/torch_ner_new/datasets/ecommerce/cached_crf-dev_bert-base-chinese_512_ecommerce
***** Running evaluation on dev dataset  *****
  Num examples = 499
  Batch size = 24


***** Eval results  *****
 acc: 0.7853 - recall: 0.8498 - f1: 0.8163 - loss: 4.5944 
***** Entity results  *****
******* HC results ********
 acc: 0.8137 - recall: 0.8633 - f1: 0.8377 
******* HP results ********
 acc: 0.6493 - recall: 0.7768 - f1: 0.7073 
Loading features from cached file /mnt/storage/wubinghong.wbh/deepl/torch_ner_new/datasets/ecommerce/cached_crf-test_bert-base-chinese_512_ecommerce
***** Running evaluation on test dataset  *****
  Num examples = 497
  Batch size = 24


***** Eval results  *****
 acc: 0.7890 - recall: 0.8416 - f1: 0.8144 - loss: 4.7672 
***** Entity results  *****
******* HC results ********
 acc: 0.8231 - recall: 0.8512 - f1: 0.8369 
******* HP results ********
 acc: 0.6351 - recall: 0.7899 - f1: 0.7041 
Saving model checkpoint to /mnt/storage/wubinghong.wbh/deepl/torch_ner_new/outputs/ecommerce_output/bert_estor-att-add_crf/checkpoint-4342
Saving optimizer and scheduler states to /mnt/storage/wubinghong.wbh/deepl/torch_ner_new/outputs/ecommerce_output/bert_estor-att-add_crf/checkpoint-4342


Backbone bert_estor-att-add_crf param is not freeze
Loading features from cached file /mnt/storage/wubinghong.wbh/deepl/torch_ner_new/datasets/ecommerce/cached_crf-dev_bert-base-chinese_512_ecommerce
***** Running evaluation on dev dataset  *****
  Num examples = 499
  Batch size = 24


***** Eval results  *****
 acc: 0.7576 - recall: 0.8651 - f1: 0.8078 - loss: 5.2886 
***** Entity results  *****
******* HC results ********
 acc: 0.7742 - recall: 0.8814 - f1: 0.8243 
******* HP results ********
 acc: 0.6692 - recall: 0.7768 - f1: 0.7190 
Loading features from cached file /mnt/storage/wubinghong.wbh/deepl/torch_ner_new/datasets/ecommerce/cached_crf-test_bert-base-chinese_512_ecommerce
***** Running evaluation on test dataset  *****
  Num examples = 497
  Batch size = 24


***** Eval results  *****
 acc: 0.7712 - recall: 0.8691 - f1: 0.8172 - loss: 5.2070 
***** Entity results  *****
******* HC results ********
 acc: 0.7942 - recall: 0.8853 - f1: 0.8372 
******* HP results ********
 acc: 0.6549 - recall: 0.7815 - f1: 0.7126 
Saving model checkpoint to /mnt/storage/wubinghong.wbh/deepl/torch_ner_new/outputs/ecommerce_output/bert_estor-att-add_crf/checkpoint-4509
Saving optimizer and scheduler states to /mnt/storage/wubinghong.wbh/deepl/torch_ner_new/outputs/ecommerce_output/bert_estor-att-add_crf/checkpoint-4509


Backbone bert_estor-att-add_crf param is not freeze
Loading features from cached file /mnt/storage/wubinghong.wbh/deepl/torch_ner_new/datasets/ecommerce/cached_crf-dev_bert-base-chinese_512_ecommerce
***** Running evaluation on dev dataset  *****
  Num examples = 499
  Batch size = 24


***** Eval results  *****
 acc: 0.7734 - recall: 0.8401 - f1: 0.8053 - loss: 5.3986 
***** Entity results  *****
******* HC results ********
 acc: 0.8106 - recall: 0.8534 - f1: 0.8315 
******* HP results ********
 acc: 0.6056 - recall: 0.7679 - f1: 0.6772 
Loading features from cached file /mnt/storage/wubinghong.wbh/deepl/torch_ner_new/datasets/ecommerce/cached_crf-test_bert-base-chinese_512_ecommerce
***** Running evaluation on test dataset  *****
  Num examples = 497
  Batch size = 24


***** Eval results  *****
 acc: 0.8057 - recall: 0.8521 - f1: 0.8282 - loss: 5.2649 
***** Entity results  *****
******* HC results ********
 acc: 0.8393 - recall: 0.8667 - f1: 0.8528 
******* HP results ********
 acc: 0.6479 - recall: 0.7731 - f1: 0.7050 
Saving model checkpoint to /mnt/storage/wubinghong.wbh/deepl/torch_ner_new/outputs/ecommerce_output/bert_estor-att-add_crf/checkpoint-4676
Saving optimizer and scheduler states to /mnt/storage/wubinghong.wbh/deepl/torch_ner_new/outputs/ecommerce_output/bert_estor-att-add_crf/checkpoint-4676


Backbone bert_estor-att-add_crf param is not freeze
Loading features from cached file /mnt/storage/wubinghong.wbh/deepl/torch_ner_new/datasets/ecommerce/cached_crf-dev_bert-base-chinese_512_ecommerce
***** Running evaluation on dev dataset  *****
  Num examples = 499
  Batch size = 24


***** Eval results  *****
 acc: 0.7950 - recall: 0.8414 - f1: 0.8176 - loss: 5.8503 
***** Entity results  *****
******* HC results ********
 acc: 0.8140 - recall: 0.8649 - f1: 0.8387 
******* HP results ********
 acc: 0.6897 - recall: 0.7143 - f1: 0.7018 
Loading features from cached file /mnt/storage/wubinghong.wbh/deepl/torch_ner_new/datasets/ecommerce/cached_crf-test_bert-base-chinese_512_ecommerce
***** Running evaluation on test dataset  *****
  Num examples = 497
  Batch size = 24


***** Eval results  *****
 acc: 0.7931 - recall: 0.8429 - f1: 0.8173 - loss: 5.8210 
***** Entity results  *****
******* HC results ********
 acc: 0.8164 - recall: 0.8620 - f1: 0.8386 
******* HP results ********
 acc: 0.6718 - recall: 0.7395 - f1: 0.7040 
Saving model checkpoint to /mnt/storage/wubinghong.wbh/deepl/torch_ner_new/outputs/ecommerce_output/bert_estor-att-add_crf/checkpoint-4843
Saving optimizer and scheduler states to /mnt/storage/wubinghong.wbh/deepl/torch_ner_new/outputs/ecommerce_output/bert_estor-att-add_crf/checkpoint-4843


Backbone bert_estor-att-add_crf param is not freeze
Loading features from cached file /mnt/storage/wubinghong.wbh/deepl/torch_ner_new/datasets/ecommerce/cached_crf-dev_bert-base-chinese_512_ecommerce
***** Running evaluation on dev dataset  *****
  Num examples = 499
  Batch size = 24


***** Eval results  *****
 acc: 0.8172 - recall: 0.8331 - f1: 0.8251 - loss: 5.9804 
***** Entity results  *****
******* HC results ********
 acc: 0.8309 - recall: 0.8501 - f1: 0.8404 
******* HP results ********
 acc: 0.7411 - recall: 0.7411 - f1: 0.7411 
Loading features from cached file /mnt/storage/wubinghong.wbh/deepl/torch_ner_new/datasets/ecommerce/cached_crf-test_bert-base-chinese_512_ecommerce
***** Running evaluation on test dataset  *****
  Num examples = 497
  Batch size = 24


***** Eval results  *****
 acc: 0.8273 - recall: 0.8338 - f1: 0.8305 - loss: 5.8840 
***** Entity results  *****
******* HC results ********
 acc: 0.8483 - recall: 0.8496 - f1: 0.8490 
******* HP results ********
 acc: 0.7177 - recall: 0.7479 - f1: 0.7325 
Saving model checkpoint to /mnt/storage/wubinghong.wbh/deepl/torch_ner_new/outputs/ecommerce_output/bert_estor-att-add_crf/checkpoint-5010
Saving optimizer and scheduler states to /mnt/storage/wubinghong.wbh/deepl/torch_ner_new/outputs/ecommerce_output/bert_estor-att-add_crf/checkpoint-5010


Backbone bert_estor-att-add_crf param is not freeze
Loading features from cached file /mnt/storage/wubinghong.wbh/deepl/torch_ner_new/datasets/ecommerce/cached_crf-dev_bert-base-chinese_512_ecommerce
***** Running evaluation on dev dataset  *****
  Num examples = 499
  Batch size = 24


***** Eval results  *****
 acc: 0.8150 - recall: 0.8331 - f1: 0.8239 - loss: 6.3236 
***** Entity results  *****
******* HC results ********
 acc: 0.8301 - recall: 0.8451 - f1: 0.8376 
******* HP results ********
 acc: 0.7350 - recall: 0.7679 - f1: 0.7511 
Loading features from cached file /mnt/storage/wubinghong.wbh/deepl/torch_ner_new/datasets/ecommerce/cached_crf-test_bert-base-chinese_512_ecommerce
***** Running evaluation on test dataset  *****
  Num examples = 497
  Batch size = 24


***** Eval results  *****
 acc: 0.8236 - recall: 0.8312 - f1: 0.8274 - loss: 6.0585 
***** Entity results  *****
******* HC results ********
 acc: 0.8495 - recall: 0.8403 - f1: 0.8449 
******* HP results ********
 acc: 0.6992 - recall: 0.7815 - f1: 0.7381 
Saving model checkpoint to /mnt/storage/wubinghong.wbh/deepl/torch_ner_new/outputs/ecommerce_output/bert_estor-att-add_crf/checkpoint-5177
Saving optimizer and scheduler states to /mnt/storage/wubinghong.wbh/deepl/torch_ner_new/outputs/ecommerce_output/bert_estor-att-add_crf/checkpoint-5177


Backbone bert_estor-att-add_crf param is not freeze
Loading features from cached file /mnt/storage/wubinghong.wbh/deepl/torch_ner_new/datasets/ecommerce/cached_crf-dev_bert-base-chinese_512_ecommerce
***** Running evaluation on dev dataset  *****
  Num examples = 499
  Batch size = 24


***** Eval results  *****
 acc: 0.8355 - recall: 0.8192 - f1: 0.8272 - loss: 6.8073 
***** Entity results  *****
******* HC results ********
 acc: 0.8455 - recall: 0.8386 - f1: 0.8420 
******* HP results ********
 acc: 0.7767 - recall: 0.7143 - f1: 0.7442 
Loading features from cached file /mnt/storage/wubinghong.wbh/deepl/torch_ner_new/datasets/ecommerce/cached_crf-test_bert-base-chinese_512_ecommerce
***** Running evaluation on test dataset  *****
  Num examples = 497
  Batch size = 24


***** Eval results  *****
 acc: 0.8535 - recall: 0.8233 - f1: 0.8381 - loss: 7.0216 
***** Entity results  *****
******* HC results ********
 acc: 0.8710 - recall: 0.8481 - f1: 0.8594 
******* HP results ********
 acc: 0.7523 - recall: 0.6891 - f1: 0.7193 
Saving model checkpoint to /mnt/storage/wubinghong.wbh/deepl/torch_ner_new/outputs/ecommerce_output/bert_estor-att-add_crf/checkpoint-5344
Saving optimizer and scheduler states to /mnt/storage/wubinghong.wbh/deepl/torch_ner_new/outputs/ecommerce_output/bert_estor-att-add_crf/checkpoint-5344


Backbone bert_estor-att-add_crf param is not freeze
Loading features from cached file /mnt/storage/wubinghong.wbh/deepl/torch_ner_new/datasets/ecommerce/cached_crf-dev_bert-base-chinese_512_ecommerce
***** Running evaluation on dev dataset  *****
  Num examples = 499
  Batch size = 24


***** Eval results  *****
 acc: 0.8124 - recall: 0.8373 - f1: 0.8247 - loss: 7.1033 
***** Entity results  *****
******* HC results ********
 acc: 0.8121 - recall: 0.8616 - f1: 0.8361 
******* HP results ********
 acc: 0.8144 - recall: 0.7054 - f1: 0.7560 
Loading features from cached file /mnt/storage/wubinghong.wbh/deepl/torch_ner_new/datasets/ecommerce/cached_crf-test_bert-base-chinese_512_ecommerce
***** Running evaluation on test dataset  *****
  Num examples = 497
  Batch size = 24


***** Eval results  *****
 acc: 0.8227 - recall: 0.8259 - f1: 0.8243 - loss: 7.2752 
***** Entity results  *****
******* HC results ********
 acc: 0.8306 - recall: 0.8512 - f1: 0.8407 
******* HP results ********
 acc: 0.7736 - recall: 0.6891 - f1: 0.7289 
Saving model checkpoint to /mnt/storage/wubinghong.wbh/deepl/torch_ner_new/outputs/ecommerce_output/bert_estor-att-add_crf/checkpoint-5511
Saving optimizer and scheduler states to /mnt/storage/wubinghong.wbh/deepl/torch_ner_new/outputs/ecommerce_output/bert_estor-att-add_crf/checkpoint-5511


Backbone bert_estor-att-add_crf param is not freeze
Loading features from cached file /mnt/storage/wubinghong.wbh/deepl/torch_ner_new/datasets/ecommerce/cached_crf-dev_bert-base-chinese_512_ecommerce
***** Running evaluation on dev dataset  *****
  Num examples = 499
  Batch size = 24


***** Eval results  *****
 acc: 0.7989 - recall: 0.8401 - f1: 0.8190 - loss: 7.7261 
***** Entity results  *****
******* HC results ********
 acc: 0.8215 - recall: 0.8567 - f1: 0.8387 
******* HP results ********
 acc: 0.6829 - recall: 0.7500 - f1: 0.7149 
Loading features from cached file /mnt/storage/wubinghong.wbh/deepl/torch_ner_new/datasets/ecommerce/cached_crf-test_bert-base-chinese_512_ecommerce
***** Running evaluation on test dataset  *****
  Num examples = 497
  Batch size = 24


***** Eval results  *****
 acc: 0.8078 - recall: 0.8364 - f1: 0.8219 - loss: 7.5291 
***** Entity results  *****
******* HC results ********
 acc: 0.8427 - recall: 0.8558 - f1: 0.8492 
******* HP results ********
 acc: 0.6397 - recall: 0.7311 - f1: 0.6824 
Saving model checkpoint to /mnt/storage/wubinghong.wbh/deepl/torch_ner_new/outputs/ecommerce_output/bert_estor-att-add_crf/checkpoint-5678
Saving optimizer and scheduler states to /mnt/storage/wubinghong.wbh/deepl/torch_ner_new/outputs/ecommerce_output/bert_estor-att-add_crf/checkpoint-5678


Backbone bert_estor-att-add_crf param is not freeze
Loading features from cached file /mnt/storage/wubinghong.wbh/deepl/torch_ner_new/datasets/ecommerce/cached_crf-dev_bert-base-chinese_512_ecommerce
***** Running evaluation on dev dataset  *****
  Num examples = 499
  Batch size = 24


***** Eval results  *****
 acc: 0.8211 - recall: 0.8428 - f1: 0.8318 - loss: 7.9964 
***** Entity results  *****
******* HC results ********
 acc: 0.8328 - recall: 0.8616 - f1: 0.8470 
******* HP results ********
 acc: 0.7545 - recall: 0.7411 - f1: 0.7477 
Loading features from cached file /mnt/storage/wubinghong.wbh/deepl/torch_ner_new/datasets/ecommerce/cached_crf-test_bert-base-chinese_512_ecommerce
***** Running evaluation on test dataset  *****
  Num examples = 497
  Batch size = 24


***** Eval results  *****
 acc: 0.8235 - recall: 0.8364 - f1: 0.8299 - loss: 8.1693 
***** Entity results  *****
******* HC results ********
 acc: 0.8348 - recall: 0.8543 - f1: 0.8444 
******* HP results ********
 acc: 0.7586 - recall: 0.7395 - f1: 0.7489 
Saving model checkpoint to /mnt/storage/wubinghong.wbh/deepl/torch_ner_new/outputs/ecommerce_output/bert_estor-att-add_crf/checkpoint-5845
Saving optimizer and scheduler states to /mnt/storage/wubinghong.wbh/deepl/torch_ner_new/outputs/ecommerce_output/bert_estor-att-add_crf/checkpoint-5845


Backbone bert_estor-att-add_crf param is not freeze
Loading features from cached file /mnt/storage/wubinghong.wbh/deepl/torch_ner_new/datasets/ecommerce/cached_crf-dev_bert-base-chinese_512_ecommerce
***** Running evaluation on dev dataset  *****
  Num examples = 499
  Batch size = 24


***** Eval results  *****
 acc: 0.7951 - recall: 0.8581 - f1: 0.8254 - loss: 8.6933 
***** Entity results  *****
******* HC results ********
 acc: 0.8042 - recall: 0.8797 - f1: 0.8403 
******* HP results ********
 acc: 0.7411 - recall: 0.7411 - f1: 0.7411 
Loading features from cached file /mnt/storage/wubinghong.wbh/deepl/torch_ner_new/datasets/ecommerce/cached_crf-test_bert-base-chinese_512_ecommerce
***** Running evaluation on test dataset  *****
  Num examples = 497
  Batch size = 24


***** Eval results  *****
 acc: 0.8079 - recall: 0.8586 - f1: 0.8325 - loss: 8.7705 
***** Entity results  *****
******* HC results ********
 acc: 0.8277 - recall: 0.8791 - f1: 0.8526 
******* HP results ********
 acc: 0.7008 - recall: 0.7479 - f1: 0.7236 
Saving model checkpoint to /mnt/storage/wubinghong.wbh/deepl/torch_ner_new/outputs/ecommerce_output/bert_estor-att-add_crf/checkpoint-6012
Saving optimizer and scheduler states to /mnt/storage/wubinghong.wbh/deepl/torch_ner_new/outputs/ecommerce_output/bert_estor-att-add_crf/checkpoint-6012


Backbone bert_estor-att-add_crf param is not freeze
Loading features from cached file /mnt/storage/wubinghong.wbh/deepl/torch_ner_new/datasets/ecommerce/cached_crf-dev_bert-base-chinese_512_ecommerce
***** Running evaluation on dev dataset  *****
  Num examples = 499
  Batch size = 24


***** Eval results  *****
 acc: 0.8310 - recall: 0.8345 - f1: 0.8328 - loss: 8.7613 
***** Entity results  *****
******* HC results ********
 acc: 0.8304 - recall: 0.8633 - f1: 0.8465 
******* HP results ********
 acc: 0.8352 - recall: 0.6786 - f1: 0.7488 
Loading features from cached file /mnt/storage/wubinghong.wbh/deepl/torch_ner_new/datasets/ecommerce/cached_crf-test_bert-base-chinese_512_ecommerce
***** Running evaluation on test dataset  *****
  Num examples = 497
  Batch size = 24


***** Eval results  *****
 acc: 0.8314 - recall: 0.8325 - f1: 0.8319 - loss: 8.9041 
***** Entity results  *****
******* HC results ********
 acc: 0.8389 - recall: 0.8636 - f1: 0.8510 
******* HP results ********
 acc: 0.7822 - recall: 0.6639 - f1: 0.7182 
Saving model checkpoint to /mnt/storage/wubinghong.wbh/deepl/torch_ner_new/outputs/ecommerce_output/bert_estor-att-add_crf/checkpoint-6179
Saving optimizer and scheduler states to /mnt/storage/wubinghong.wbh/deepl/torch_ner_new/outputs/ecommerce_output/bert_estor-att-add_crf/checkpoint-6179


Backbone bert_estor-att-add_crf param is not freeze
Loading features from cached file /mnt/storage/wubinghong.wbh/deepl/torch_ner_new/datasets/ecommerce/cached_crf-dev_bert-base-chinese_512_ecommerce
***** Running evaluation on dev dataset  *****
  Num examples = 499
  Batch size = 24


***** Eval results  *****
 acc: 0.7974 - recall: 0.8484 - f1: 0.8221 - loss: 9.6864 
***** Entity results  *****
******* HC results ********
 acc: 0.8117 - recall: 0.8666 - f1: 0.8382 
******* HP results ********
 acc: 0.7179 - recall: 0.7500 - f1: 0.7336 
Loading features from cached file /mnt/storage/wubinghong.wbh/deepl/torch_ner_new/datasets/ecommerce/cached_crf-test_bert-base-chinese_512_ecommerce
***** Running evaluation on test dataset  *****
  Num examples = 497
  Batch size = 24


***** Eval results  *****
 acc: 0.8012 - recall: 0.8495 - f1: 0.8247 - loss: 9.9955 
***** Entity results  *****
******* HC results ********
 acc: 0.8262 - recall: 0.8698 - f1: 0.8474 
******* HP results ********
 acc: 0.6718 - recall: 0.7395 - f1: 0.7040 
Saving model checkpoint to /mnt/storage/wubinghong.wbh/deepl/torch_ner_new/outputs/ecommerce_output/bert_estor-att-add_crf/checkpoint-6346
Saving optimizer and scheduler states to /mnt/storage/wubinghong.wbh/deepl/torch_ner_new/outputs/ecommerce_output/bert_estor-att-add_crf/checkpoint-6346


Backbone bert_estor-att-add_crf param is not freeze
Loading features from cached file /mnt/storage/wubinghong.wbh/deepl/torch_ner_new/datasets/ecommerce/cached_crf-dev_bert-base-chinese_512_ecommerce
***** Running evaluation on dev dataset  *****
  Num examples = 499
  Batch size = 24


***** Eval results  *****
 acc: 0.8172 - recall: 0.8456 - f1: 0.8312 - loss: 9.6531 
***** Entity results  *****
******* HC results ********
 acc: 0.8213 - recall: 0.8633 - f1: 0.8418 
******* HP results ********
 acc: 0.7925 - recall: 0.7500 - f1: 0.7706 
Loading features from cached file /mnt/storage/wubinghong.wbh/deepl/torch_ner_new/datasets/ecommerce/cached_crf-test_bert-base-chinese_512_ecommerce
***** Running evaluation on test dataset  *****
  Num examples = 497
  Batch size = 24


***** Eval results  *****
 acc: 0.8234 - recall: 0.8482 - f1: 0.8356 - loss: 10.0548 
***** Entity results  *****
******* HC results ********
 acc: 0.8416 - recall: 0.8651 - f1: 0.8532 
******* HP results ********
 acc: 0.7258 - recall: 0.7563 - f1: 0.7407 
Saving model checkpoint to /mnt/storage/wubinghong.wbh/deepl/torch_ner_new/outputs/ecommerce_output/bert_estor-att-add_crf/checkpoint-6513
Saving optimizer and scheduler states to /mnt/storage/wubinghong.wbh/deepl/torch_ner_new/outputs/ecommerce_output/bert_estor-att-add_crf/checkpoint-6513


Backbone bert_estor-att-add_crf param is not freeze
Loading features from cached file /mnt/storage/wubinghong.wbh/deepl/torch_ner_new/datasets/ecommerce/cached_crf-dev_bert-base-chinese_512_ecommerce
***** Running evaluation on dev dataset  *****
  Num examples = 499
  Batch size = 24


***** Eval results  *****
 acc: 0.8181 - recall: 0.8317 - f1: 0.8248 - loss: 10.0430 
***** Entity results  *****
******* HC results ********
 acc: 0.8331 - recall: 0.8468 - f1: 0.8399 
******* HP results ********
 acc: 0.7368 - recall: 0.7500 - f1: 0.7434 
Loading features from cached file /mnt/storage/wubinghong.wbh/deepl/torch_ner_new/datasets/ecommerce/cached_crf-test_bert-base-chinese_512_ecommerce
***** Running evaluation on test dataset  *****
  Num examples = 497
  Batch size = 24


***** Eval results  *****
 acc: 0.8264 - recall: 0.8285 - f1: 0.8275 - loss: 10.4039 
***** Entity results  *****
******* HC results ********
 acc: 0.8466 - recall: 0.8388 - f1: 0.8427 
******* HP results ********
 acc: 0.7244 - recall: 0.7731 - f1: 0.7480 
Saving model checkpoint to /mnt/storage/wubinghong.wbh/deepl/torch_ner_new/outputs/ecommerce_output/bert_estor-att-add_crf/checkpoint-6680
Saving optimizer and scheduler states to /mnt/storage/wubinghong.wbh/deepl/torch_ner_new/outputs/ecommerce_output/bert_estor-att-add_crf/checkpoint-6680


Backbone bert_estor-att-add_crf param is not freeze
Loading features from cached file /mnt/storage/wubinghong.wbh/deepl/torch_ner_new/datasets/ecommerce/cached_crf-dev_bert-base-chinese_512_ecommerce
***** Running evaluation on dev dataset  *****
  Num examples = 499
  Batch size = 24


***** Eval results  *****
 acc: 0.8224 - recall: 0.8373 - f1: 0.8298 - loss: 10.3716 
***** Entity results  *****
******* HC results ********
 acc: 0.8278 - recall: 0.8550 - f1: 0.8412 
******* HP results ********
 acc: 0.7905 - recall: 0.7411 - f1: 0.7650 
Loading features from cached file /mnt/storage/wubinghong.wbh/deepl/torch_ner_new/datasets/ecommerce/cached_crf-test_bert-base-chinese_512_ecommerce
***** Running evaluation on test dataset  *****
  Num examples = 497
  Batch size = 24


***** Eval results  *****
 acc: 0.8303 - recall: 0.8325 - f1: 0.8314 - loss: 10.7330 
***** Entity results  *****
******* HC results ********
 acc: 0.8433 - recall: 0.8512 - f1: 0.8472 
******* HP results ********
 acc: 0.7565 - recall: 0.7311 - f1: 0.7436 
Saving model checkpoint to /mnt/storage/wubinghong.wbh/deepl/torch_ner_new/outputs/ecommerce_output/bert_estor-att-add_crf/checkpoint-6847
Saving optimizer and scheduler states to /mnt/storage/wubinghong.wbh/deepl/torch_ner_new/outputs/ecommerce_output/bert_estor-att-add_crf/checkpoint-6847


Backbone bert_estor-att-add_crf param is not freeze
Loading features from cached file /mnt/storage/wubinghong.wbh/deepl/torch_ner_new/datasets/ecommerce/cached_crf-dev_bert-base-chinese_512_ecommerce
***** Running evaluation on dev dataset  *****
  Num examples = 499
  Batch size = 24


***** Eval results  *****
 acc: 0.8179 - recall: 0.8373 - f1: 0.8275 - loss: 10.6404 
***** Entity results  *****
******* HC results ********
 acc: 0.8278 - recall: 0.8550 - f1: 0.8412 
******* HP results ********
 acc: 0.7615 - recall: 0.7411 - f1: 0.7511 
Loading features from cached file /mnt/storage/wubinghong.wbh/deepl/torch_ner_new/datasets/ecommerce/cached_crf-test_bert-base-chinese_512_ecommerce
***** Running evaluation on test dataset  *****
  Num examples = 497
  Batch size = 24


***** Eval results  *****
 acc: 0.8268 - recall: 0.8312 - f1: 0.8290 - loss: 10.8994 
***** Entity results  *****
******* HC results ********
 acc: 0.8392 - recall: 0.8496 - f1: 0.8444 
******* HP results ********
 acc: 0.7565 - recall: 0.7311 - f1: 0.7436 
Saving model checkpoint to /mnt/storage/wubinghong.wbh/deepl/torch_ner_new/outputs/ecommerce_output/bert_estor-att-add_crf/checkpoint-7014
Saving optimizer and scheduler states to /mnt/storage/wubinghong.wbh/deepl/torch_ner_new/outputs/ecommerce_output/bert_estor-att-add_crf/checkpoint-7014


Backbone bert_estor-att-add_crf param is not freeze
Loading features from cached file /mnt/storage/wubinghong.wbh/deepl/torch_ner_new/datasets/ecommerce/cached_crf-dev_bert-base-chinese_512_ecommerce
***** Running evaluation on dev dataset  *****
  Num examples = 499
  Batch size = 24


***** Eval results  *****
 acc: 0.8276 - recall: 0.8345 - f1: 0.8310 - loss: 10.6235 
***** Entity results  *****
******* HC results ********
 acc: 0.8363 - recall: 0.8501 - f1: 0.8431 
******* HP results ********
 acc: 0.7778 - recall: 0.7500 - f1: 0.7636 
Loading features from cached file /mnt/storage/wubinghong.wbh/deepl/torch_ner_new/datasets/ecommerce/cached_crf-test_bert-base-chinese_512_ecommerce
***** Running evaluation on test dataset  *****
  Num examples = 497
  Batch size = 24


***** Eval results  *****
 acc: 0.8380 - recall: 0.8259 - f1: 0.8319 - loss: 10.9972 
***** Entity results  *****
******* HC results ********
 acc: 0.8551 - recall: 0.8419 - f1: 0.8484 
******* HP results ********
 acc: 0.7458 - recall: 0.7395 - f1: 0.7426 
Saving model checkpoint to /mnt/storage/wubinghong.wbh/deepl/torch_ner_new/outputs/ecommerce_output/bert_estor-att-add_crf/checkpoint-7181
Saving optimizer and scheduler states to /mnt/storage/wubinghong.wbh/deepl/torch_ner_new/outputs/ecommerce_output/bert_estor-att-add_crf/checkpoint-7181


Backbone bert_estor-att-add_crf param is not freeze
Loading features from cached file /mnt/storage/wubinghong.wbh/deepl/torch_ner_new/datasets/ecommerce/cached_crf-dev_bert-base-chinese_512_ecommerce
***** Running evaluation on dev dataset  *****
  Num examples = 499
  Batch size = 24


***** Eval results  *****
 acc: 0.8178 - recall: 0.8428 - f1: 0.8301 - loss: 10.7964 
***** Entity results  *****
******* HC results ********
 acc: 0.8267 - recall: 0.8567 - f1: 0.8414 
******* HP results ********
 acc: 0.7679 - recall: 0.7679 - f1: 0.7679 
Loading features from cached file /mnt/storage/wubinghong.wbh/deepl/torch_ner_new/datasets/ecommerce/cached_crf-test_bert-base-chinese_512_ecommerce
***** Running evaluation on test dataset  *****
  Num examples = 497
  Batch size = 24


***** Eval results  *****
 acc: 0.8273 - recall: 0.8403 - f1: 0.8338 - loss: 11.2159 
***** Entity results  *****
******* HC results ********
 acc: 0.8419 - recall: 0.8589 - f1: 0.8503 
******* HP results ********
 acc: 0.7458 - recall: 0.7395 - f1: 0.7426 
Saving model checkpoint to /mnt/storage/wubinghong.wbh/deepl/torch_ner_new/outputs/ecommerce_output/bert_estor-att-add_crf/checkpoint-7348
Saving optimizer and scheduler states to /mnt/storage/wubinghong.wbh/deepl/torch_ner_new/outputs/ecommerce_output/bert_estor-att-add_crf/checkpoint-7348


Backbone bert_estor-att-add_crf param is not freeze
Loading features from cached file /mnt/storage/wubinghong.wbh/deepl/torch_ner_new/datasets/ecommerce/cached_crf-dev_bert-base-chinese_512_ecommerce
***** Running evaluation on dev dataset  *****
  Num examples = 499
  Batch size = 24


***** Eval results  *****
 acc: 0.8216 - recall: 0.8456 - f1: 0.8334 - loss: 11.0438 
***** Entity results  *****
******* HC results ********
 acc: 0.8328 - recall: 0.8616 - f1: 0.8470 
******* HP results ********
 acc: 0.7589 - recall: 0.7589 - f1: 0.7589 
Loading features from cached file /mnt/storage/wubinghong.wbh/deepl/torch_ner_new/datasets/ecommerce/cached_crf-test_bert-base-chinese_512_ecommerce
***** Running evaluation on test dataset  *****
  Num examples = 497
  Batch size = 24


***** Eval results  *****
 acc: 0.8264 - recall: 0.8351 - f1: 0.8307 - loss: 11.4452 
***** Entity results  *****
******* HC results ********
 acc: 0.8438 - recall: 0.8543 - f1: 0.8490 
******* HP results ********
 acc: 0.7311 - recall: 0.7311 - f1: 0.7311 
Saving model checkpoint to /mnt/storage/wubinghong.wbh/deepl/torch_ner_new/outputs/ecommerce_output/bert_estor-att-add_crf/checkpoint-7515
Saving optimizer and scheduler states to /mnt/storage/wubinghong.wbh/deepl/torch_ner_new/outputs/ecommerce_output/bert_estor-att-add_crf/checkpoint-7515


Backbone bert_estor-att-add_crf param is not freeze
Loading features from cached file /mnt/storage/wubinghong.wbh/deepl/torch_ner_new/datasets/ecommerce/cached_crf-dev_bert-base-chinese_512_ecommerce
***** Running evaluation on dev dataset  *****
  Num examples = 499
  Batch size = 24


***** Eval results  *****
 acc: 0.8145 - recall: 0.8428 - f1: 0.8284 - loss: 11.2202 
***** Entity results  *****
******* HC results ********
 acc: 0.8283 - recall: 0.8583 - f1: 0.8430 
******* HP results ********
 acc: 0.7391 - recall: 0.7589 - f1: 0.7489 
Loading features from cached file /mnt/storage/wubinghong.wbh/deepl/torch_ner_new/datasets/ecommerce/cached_crf-test_bert-base-chinese_512_ecommerce
***** Running evaluation on test dataset  *****
  Num examples = 497
  Batch size = 24


***** Eval results  *****
 acc: 0.8175 - recall: 0.8442 - f1: 0.8307 - loss: 11.5785 
***** Entity results  *****
******* HC results ********
 acc: 0.8333 - recall: 0.8605 - f1: 0.8467 
******* HP results ********
 acc: 0.7317 - recall: 0.7563 - f1: 0.7438 
Saving model checkpoint to /mnt/storage/wubinghong.wbh/deepl/torch_ner_new/outputs/ecommerce_output/bert_estor-att-add_crf/checkpoint-7682
Saving optimizer and scheduler states to /mnt/storage/wubinghong.wbh/deepl/torch_ner_new/outputs/ecommerce_output/bert_estor-att-add_crf/checkpoint-7682


Backbone bert_estor-att-add_crf param is not freeze
Loading features from cached file /mnt/storage/wubinghong.wbh/deepl/torch_ner_new/datasets/ecommerce/cached_crf-dev_bert-base-chinese_512_ecommerce
***** Running evaluation on dev dataset  *****
  Num examples = 499
  Batch size = 24


***** Eval results  *****
 acc: 0.8154 - recall: 0.8414 - f1: 0.8282 - loss: 11.2055 
***** Entity results  *****
******* HC results ********
 acc: 0.8215 - recall: 0.8567 - f1: 0.8387 
******* HP results ********
 acc: 0.7798 - recall: 0.7589 - f1: 0.7692 
Loading features from cached file /mnt/storage/wubinghong.wbh/deepl/torch_ner_new/datasets/ecommerce/cached_crf-test_bert-base-chinese_512_ecommerce
***** Running evaluation on test dataset  *****
  Num examples = 497
  Batch size = 24


***** Eval results  *****
 acc: 0.8218 - recall: 0.8390 - f1: 0.8303 - loss: 11.6153 
***** Entity results  *****
******* HC results ********
 acc: 0.8328 - recall: 0.8574 - f1: 0.8449 
******* HP results ********
 acc: 0.7586 - recall: 0.7395 - f1: 0.7489 
Saving model checkpoint to /mnt/storage/wubinghong.wbh/deepl/torch_ner_new/outputs/ecommerce_output/bert_estor-att-add_crf/checkpoint-7849
Saving optimizer and scheduler states to /mnt/storage/wubinghong.wbh/deepl/torch_ner_new/outputs/ecommerce_output/bert_estor-att-add_crf/checkpoint-7849


Backbone bert_estor-att-add_crf param is not freeze
Loading features from cached file /mnt/storage/wubinghong.wbh/deepl/torch_ner_new/datasets/ecommerce/cached_crf-dev_bert-base-chinese_512_ecommerce
***** Running evaluation on dev dataset  *****
  Num examples = 499
  Batch size = 24


***** Eval results  *****
 acc: 0.8174 - recall: 0.8470 - f1: 0.8320 - loss: 11.1535 
***** Entity results  *****
******* HC results ********
 acc: 0.8288 - recall: 0.8616 - f1: 0.8449 
******* HP results ********
 acc: 0.7544 - recall: 0.7679 - f1: 0.7611 
Loading features from cached file /mnt/storage/wubinghong.wbh/deepl/torch_ner_new/datasets/ecommerce/cached_crf-test_bert-base-chinese_512_ecommerce
***** Running evaluation on test dataset  *****
  Num examples = 497
  Batch size = 24


***** Eval results  *****
 acc: 0.8190 - recall: 0.8469 - f1: 0.8327 - loss: 11.5667 
***** Entity results  *****
******* HC results ********
 acc: 0.8336 - recall: 0.8620 - f1: 0.8476 
******* HP results ********
 acc: 0.7398 - recall: 0.7647 - f1: 0.7521 
Saving model checkpoint to /mnt/storage/wubinghong.wbh/deepl/torch_ner_new/outputs/ecommerce_output/bert_estor-att-add_crf/checkpoint-8016
Saving optimizer and scheduler states to /mnt/storage/wubinghong.wbh/deepl/torch_ner_new/outputs/ecommerce_output/bert_estor-att-add_crf/checkpoint-8016


Backbone bert_estor-att-add_crf param is not freeze
Loading features from cached file /mnt/storage/wubinghong.wbh/deepl/torch_ner_new/datasets/ecommerce/cached_crf-dev_bert-base-chinese_512_ecommerce
***** Running evaluation on dev dataset  *****
  Num examples = 499
  Batch size = 24


***** Eval results  *****
 acc: 0.8336 - recall: 0.8428 - f1: 0.8382 - loss: 11.1099 
***** Entity results  *****
******* HC results ********
 acc: 0.8417 - recall: 0.8583 - f1: 0.8499 
******* HP results ********
 acc: 0.7870 - recall: 0.7589 - f1: 0.7727 
Loading features from cached file /mnt/storage/wubinghong.wbh/deepl/torch_ner_new/datasets/ecommerce/cached_crf-test_bert-base-chinese_512_ecommerce
***** Running evaluation on test dataset  *****
  Num examples = 497
  Batch size = 24


***** Eval results  *****
 acc: 0.8266 - recall: 0.8364 - f1: 0.8315 - loss: 11.4802 
***** Entity results  *****
******* HC results ********
 acc: 0.8399 - recall: 0.8543 - f1: 0.8470 
******* HP results ********
 acc: 0.7521 - recall: 0.7395 - f1: 0.7458 
Saving model checkpoint to /mnt/storage/wubinghong.wbh/deepl/torch_ner_new/outputs/ecommerce_output/bert_estor-att-add_crf/checkpoint-8183
Saving optimizer and scheduler states to /mnt/storage/wubinghong.wbh/deepl/torch_ner_new/outputs/ecommerce_output/bert_estor-att-add_crf/checkpoint-8183


Backbone bert_estor-att-add_crf param is not freeze
Loading features from cached file /mnt/storage/wubinghong.wbh/deepl/torch_ner_new/datasets/ecommerce/cached_crf-dev_bert-base-chinese_512_ecommerce
***** Running evaluation on dev dataset  *****
  Num examples = 499
  Batch size = 24


***** Eval results  *****
 acc: 0.8220 - recall: 0.8414 - f1: 0.8316 - loss: 11.2166 
***** Entity results  *****
******* HC results ********
 acc: 0.8307 - recall: 0.8567 - f1: 0.8435 
******* HP results ********
 acc: 0.7727 - recall: 0.7589 - f1: 0.7658 
Loading features from cached file /mnt/storage/wubinghong.wbh/deepl/torch_ner_new/datasets/ecommerce/cached_crf-test_bert-base-chinese_512_ecommerce
***** Running evaluation on test dataset  *****
  Num examples = 497
  Batch size = 24


***** Eval results  *****
 acc: 0.8199 - recall: 0.8403 - f1: 0.8300 - loss: 11.5702 
***** Entity results  *****
******* HC results ********
 acc: 0.8328 - recall: 0.8574 - f1: 0.8449 
******* HP results ********
 acc: 0.7479 - recall: 0.7479 - f1: 0.7479 
Saving model checkpoint to /mnt/storage/wubinghong.wbh/deepl/torch_ner_new/outputs/ecommerce_output/bert_estor-att-add_crf/checkpoint-8350
Saving optimizer and scheduler states to /mnt/storage/wubinghong.wbh/deepl/torch_ner_new/outputs/ecommerce_output/bert_estor-att-add_crf/checkpoint-8350


 global_step = 8350, average loss = 2.7618858446577677
Saving model checkpoint to /mnt/storage/wubinghong.wbh/deepl/torch_ner_new/outputs/ecommerce_output/bert_estor-att-add_crf
